Creating session: undefined
Creating session: teste
Creating session: luiz
Creating session: primary
Creating session: link
Creating session: lucas
Creating session: felipe
Creating session: caio
App running on *: 8000
QR RECEIVED 1@YRNCWSwLP8NApGxrPnFgswcOXmWZAunv9BSjgangOWPaOoEKwaabX3+30puxZ1yAMe+s7QTlTDsaTA==,wkaynJn0hV6pQZ9ZCxj1EmE83GHfIhZKQbrxrEPqsUo=,WrPMZmQtyOh2mAusTUgC/Q==
QR RECEIVED 1@P9n8fP1b1TeLQtHISTDdwGPcX7pFbTnO5RJLobnAqm1KrXUN3dypydVtQyeVx3ex+xVEzae7X3AwPw==,5VcAxOt80PlZhnWWS7RzWkxkjVpLoVC8GyT7DSR/pgU=,H3nlhiimybIufnI2n1GjYA==
QR RECEIVED 1@kyClxxevNmWdhNOh1+BOAewHYe6frwvetfTou9Udy9PM3kCuUIcQJlAKQJRwIJ2x5cw53o8HkxfC7Q==,du43c3n82KYSZj0i4My8nT1u2R8Rvx052FH8ipbHNVg=,ZE8V5b83iAp+dOjdweB06Q==
QR RECEIVED 1@ZpfOL6+f0+DOaovqwspiu+vgv4F2Qt05ZCgaVzUsMd37wbdLUMg+lg2vukkWbBTHNkryl+cgPu95Mw==,Le3cK3mFcHKoz6Idl728RAN1TxCrqueToXy3/snWTwQ=,DGf9sSa2Sziebkf9smqoqw==
QR RECEIVED 1@vCnvtxcrYhVlSMy+MvIpZFMoNpHqL8A4XCTS+8mKnVwfa/YoP/EeR7bj3ayvKEWxP7T3coCJ2ApuxQ==,Qzroobzg85e/rOKNdyXIVZ3F0wYlhnotz+B0XpiUlAE=,DAlFfqQ4Mqnn59mj8hJk5w==
QR RECEIVED 1@tjuKGYEq3wdAO+bxl1oibBNNyfvrDEGs4MeFH0zjNHRXTbvAj04uTpY3Phu8UMnqsXGiidPs5+JqnA==,xp9sBaIMHMV5+ef9KYD6CxLaZOZCVlcX9MI7C3pJRyk=,KczUWhv4R6OcUp0rOzwfmA==
QR RECEIVED 1@boDDvqpo8nDaI0vCfA4RdN/a0rXzPPZ57mG5iEHOQC/EECf/IKDpQFoxU6UD7jrXBxeFll7IMxtYwQ==,5PmIG/St6tNwUhESI2JUNSAkdhqnt/DK9CP4jPnuckw=,XV5mFoko+cWA9214GOByEw==
QR RECEIVED 1@urci70Z89fThSI6p+aR71vInIHu/xuN6dCRqP5Nm55xRAQqZVfXMwm1luztAZwIV+JLXolmPUFbk2Q==,rljLCFr1MJRjAoesiV24KFpinoyaYFi2U5HoCSOPcS4=,MYjBzkisFlGL0twrwxgq/A==
QR RECEIVED 1@YRNCWSwLP8NApGxrPnFgswcOXmWZAunv9BSjgangOWPaOoEKwaabX3+30puxZ1yAMe+s7QTlTDsaTA==,wkaynJn0hV6pQZ9ZCxj1EmE83GHfIhZKQbrxrEPqsUo=,WrPMZmQtyOh2mAusTUgC/Q==
QR RECEIVED 1@ZpfOL6+f0+DOaovqwspiu+vgv4F2Qt05ZCgaVzUsMd37wbdLUMg+lg2vukkWbBTHNkryl+cgPu95Mw==,Le3cK3mFcHKoz6Idl728RAN1TxCrqueToXy3/snWTwQ=,DGf9sSa2Sziebkf9smqoqw==
QR RECEIVED 1@e/uiuDsb+uGizIEWAgXXWWp3Jj+Z4B6eaQFfvjobQ9YUt9K2VKBajvDEmCz6u2GPjYxih0kPm99Gnw==,5VcAxOt80PlZhnWWS7RzWkxkjVpLoVC8GyT7DSR/pgU=,H3nlhiimybIufnI2n1GjYA==
QR RECEIVED 1@1fZNWu0/FKegt+m9pESdW5vBqURAl4z18oHqyL37jvgYKqnxp2zrj8pwnrP5J1r5zfhBej8r4qzqlQ==,Qzroobzg85e/rOKNdyXIVZ3F0wYlhnotz+B0XpiUlAE=,DAlFfqQ4Mqnn59mj8hJk5w==
QR RECEIVED 1@P/PmZW/6H2jn/xc9UPWw+oqyxV9T33nQWSNvWrbDDLZI39dybQmWd3ZPS834j/fbsKFldyivALG8/w==,xp9sBaIMHMV5+ef9KYD6CxLaZOZCVlcX9MI7C3pJRyk=,KczUWhv4R6OcUp0rOzwfmA==
QR RECEIVED 1@AWCVo+veuUubz87OevfkzoGas0SKPNuRJQFkhrOPTYCzkQMfMch+0ImufOZpED7069d2n7HYIKqLFg==,5PmIG/St6tNwUhESI2JUNSAkdhqnt/DK9CP4jPnuckw=,XV5mFoko+cWA9214GOByEw==
QR RECEIVED 1@NsWaZ2ajmbpCx0bK6jIxeuvQ0lLUU0kJf8u5MC7v3RDDvU30vm4L/dVo3kDuDuXk8hmG+dUNYw4iHg==,rljLCFr1MJRjAoesiV24KFpinoyaYFi2U5HoCSOPcS4=,MYjBzkisFlGL0twrwxgq/A==
QR RECEIVED 1@J1lmOFwGi6qmIhhxnHLI/x60UHzsmet00P/btMjlhjgDS29YYHsVyNTTUYd/3lRnVgv+e8UqtIML8g==,du43c3n82KYSZj0i4My8nT1u2R8Rvx052FH8ipbHNVg=,ZE8V5b83iAp+dOjdweB06Q==
QR RECEIVED 1@CN2qa8LDp4vfRXCQNncLMfR0B99hO9SvWmnJbz2zZciOPvsSRqD04xkBGickc0oFlYZBdO8QzG2Odw==,wkaynJn0hV6pQZ9ZCxj1EmE83GHfIhZKQbrxrEPqsUo=,WrPMZmQtyOh2mAusTUgC/Q==
QR RECEIVED 1@ri2Gvm4u9p2bDrBj6n7KZgEywZzRwD8dClA9OGFP5aaotp8687jroSdGItAcI9rFrFjgNpcgeXVpZw==,Le3cK3mFcHKoz6Idl728RAN1TxCrqueToXy3/snWTwQ=,DGf9sSa2Sziebkf9smqoqw==
QR RECEIVED 1@RptiUz9LtjulpchgqeBnTzLKZpoL6lRKtP2ecuD1NjdtcezNChwxQSBIvX9mXVDiSpNGq704OJmYVQ==,5VcAxOt80PlZhnWWS7RzWkxkjVpLoVC8GyT7DSR/pgU=,H3nlhiimybIufnI2n1GjYA==
QR RECEIVED 1@BTKwWRtpWj/9CYudV80sXfepEpbq18G9MfYCcDW2i9ZH9DmJjsU33/B3C7iCWiAQJSzEO8S16tx1Ug==,Qzroobzg85e/rOKNdyXIVZ3F0wYlhnotz+B0XpiUlAE=,DAlFfqQ4Mqnn59mj8hJk5w==
QR RECEIVED 1@pbm81TY1aspT4ixqR9JGUDYBsgV3WEP9ThAmGCX4uZyR+Vv1ieh8McL0Vqi1lSJKjWUhk4xqKmKPhA==,xp9sBaIMHMV5+ef9KYD6CxLaZOZCVlcX9MI7C3pJRyk=,KczUWhv4R6OcUp0rOzwfmA==
QR RECEIVED 1@5NkWNlRl88tKzGgTQW8pWklxqUUX0upCHqQCZI6QO7X7ZRLcteN9dknOV1Bn7uUVS9e6/OuN4F7Ydw==,5PmIG/St6tNwUhESI2JUNSAkdhqnt/DK9CP4jPnuckw=,XV5mFoko+cWA9214GOByEw==
QR RECEIVED 1@6xte53qVoAHPbAvbLFQ0GGZi2g/pN1JTMi3/gA+QBCXy0C9r4vvYBAoaToIKWe6IAJGmYMQDeNs+GA==,du43c3n82KYSZj0i4My8nT1u2R8Rvx052FH8ipbHNVg=,ZE8V5b83iAp+dOjdweB06Q==
QR RECEIVED 1@D+Y+Qvyf+MY54w42gVphrZvjV1b4lpGgj2o2xN/Q9xhzF0uuF5TBfL4EHTsVAzA6wZXPA9Axmr/0ug==,rljLCFr1MJRjAoesiV24KFpinoyaYFi2U5HoCSOPcS4=,MYjBzkisFlGL0twrwxgq/A==
QR RECEIVED 1@P37kV7B0fq28bEfUvPziVHAF/gTgKstmOpeVfhnwn6X2V7tsAfZzOcuTg9t24OWwJmXDirr4MpB9ew==,wkaynJn0hV6pQZ9ZCxj1EmE83GHfIhZKQbrxrEPqsUo=,WrPMZmQtyOh2mAusTUgC/Q==
QR RECEIVED 1@v4x3hFd6GkxCmPrC7Mx2zrPKw7ZQN3YPZClulwPTKjANL8LbhBvryoxCfZAVjPf4fCG8agsUXBNorw==,Le3cK3mFcHKoz6Idl728RAN1TxCrqueToXy3/snWTwQ=,DGf9sSa2Sziebkf9smqoqw==
QR RECEIVED 1@LOXMyw5FwdivD4WpWMGYbAl6yaSnmgNgkH9cGZE9qZsZUDnmaG4VA9FsqY/ltdP9Hxb3lc7qF4UaUg==,5VcAxOt80PlZhnWWS7RzWkxkjVpLoVC8GyT7DSR/pgU=,H3nlhiimybIufnI2n1GjYA==
QR RECEIVED 1@TTej61N3YCvU1pY8fpe5bwHhzhtcm0h23HE5hor6cd8UMZP8TO/blnV6eBtEObftGAKLydEHBAx++Q==,Qzroobzg85e/rOKNdyXIVZ3F0wYlhnotz+B0XpiUlAE=,DAlFfqQ4Mqnn59mj8hJk5w==
QR RECEIVED 1@DLm2W4n8KmObbF+QmBEaVy8NhOBd2b8yuJFwY1pUfu1lMJSSovhQq/OD7Sp7T7EBoxmXIiBQf1milQ==,5PmIG/St6tNwUhESI2JUNSAkdhqnt/DK9CP4jPnuckw=,XV5mFoko+cWA9214GOByEw==
QR RECEIVED 1@CXJe7UdFXAdOnM68UQ9eMEwWSFeJwK0WDlQIehsdzuToHGWjh5xZhawlxBtjDYWE9CD1IC3rGRMCUA==,xp9sBaIMHMV5+ef9KYD6CxLaZOZCVlcX9MI7C3pJRyk=,KczUWhv4R6OcUp0rOzwfmA==
QR RECEIVED 1@x+jXRgQuM8FtFj/NbdiDaMoww7P5yDXWItYDWLWtTIxg5rTU+loP3bwlEB0qm2PawrU1BCdNdXu9wg==,du43c3n82KYSZj0i4My8nT1u2R8Rvx052FH8ipbHNVg=,ZE8V5b83iAp+dOjdweB06Q==
QR RECEIVED 1@E2+i6WAJtRN0BHiD5G16LjZW1cRNiTeFxnkMZM0ydBuYFJBfzKOtLLr9uP/wor42HJs7YSSljkS2Pg==,rljLCFr1MJRjAoesiV24KFpinoyaYFi2U5HoCSOPcS4=,MYjBzkisFlGL0twrwxgq/A==
QR RECEIVED 1@af/YzgWV4csLXhr8iAqucQXD1KEbTNN8MFsI7lHy0++x/iVnmxlNYxPa/f1jVM82Zkjtoli+jjWpog==,wkaynJn0hV6pQZ9ZCxj1EmE83GHfIhZKQbrxrEPqsUo=,WrPMZmQtyOh2mAusTUgC/Q==
QR RECEIVED 1@ZGSHnIGxaE8GgaldP9NRJbAx8+cv6Pg+vcg6kuv4t+iP8UM/L04vClHyPLcOzDLnpFT3HqzMKKHB8w==,Le3cK3mFcHKoz6Idl728RAN1TxCrqueToXy3/snWTwQ=,DGf9sSa2Sziebkf9smqoqw==
QR RECEIVED 1@5whoaX5Eo5zlhs3SrzJVUBXZt5lOoPoxEFJU737DXrYw/Qf11YS2+Tlvv5dnkIXM31YWZsARpUAoqQ==,5VcAxOt80PlZhnWWS7RzWkxkjVpLoVC8GyT7DSR/pgU=,H3nlhiimybIufnI2n1GjYA==
QR RECEIVED 1@ye/bsToBfNwsu74Vpy+bQAviz8EL6o54KCn8nveLgShFqHRi0JNLfFE7OvjNUAFiLbnfSf20ERtN5w==,Qzroobzg85e/rOKNdyXIVZ3F0wYlhnotz+B0XpiUlAE=,DAlFfqQ4Mqnn59mj8hJk5w==
QR RECEIVED 1@9o/r2ms5EHQgtvmXJ98WluATdKFeJAByr9wpjQQolfsDnVB24918gesFfBcQQUu8Y4L7Z/olkGkCgA==,5PmIG/St6tNwUhESI2JUNSAkdhqnt/DK9CP4jPnuckw=,XV5mFoko+cWA9214GOByEw==
QR RECEIVED 1@s0SbScHxXFHgVBX9QFSQ6sG5HQ1XVJoDhQ+jrsNt+v6i/VZGLP/XEMqUH5Wl06TRkdJ5jSf/VC6VZg==,xp9sBaIMHMV5+ef9KYD6CxLaZOZCVlcX9MI7C3pJRyk=,KczUWhv4R6OcUp0rOzwfmA==
QR RECEIVED 1@Uluu3LEy8thUZLO+3gDZcy0m17V5lH+dZC94Z2RkelTrEdSOEMjjHKAMZF8spL/lIkiIJNgejiiSZw==,du43c3n82KYSZj0i4My8nT1u2R8Rvx052FH8ipbHNVg=,ZE8V5b83iAp+dOjdweB06Q==
QR RECEIVED 1@rURKIRA+7uFrQ22ANsTUdkasysrS8OMnlmZD88ci/dYjH19c/TqYAbXyRQWEclp9ed3b3eDKvPwzNw==,rljLCFr1MJRjAoesiV24KFpinoyaYFi2U5HoCSOPcS4=,MYjBzkisFlGL0twrwxgq/A==
QR RECEIVED 1@9cx7O4DpdnuqNB0SOpmLv0VcyYWNrmstv92cJO0WfwkcaJFolV/cwWcKPqnJfrPkjXgzE3HxUT7TEg==,wkaynJn0hV6pQZ9ZCxj1EmE83GHfIhZKQbrxrEPqsUo=,WrPMZmQtyOh2mAusTUgC/Q==
QR RECEIVED 1@89ODu1Y+NJEk17/PkklQkxkCrxQk97X/uqiPvFPmDV7ETiKPfTcM2jwautfxBJ0bAbWjS7aH5vCwKA==,Le3cK3mFcHKoz6Idl728RAN1TxCrqueToXy3/snWTwQ=,DGf9sSa2Sziebkf9smqoqw==
QR RECEIVED 1@A+cSvPuJkDCfBiAToZq+UeHVN66kANxcocYPDCS4IhU3WAMQLWcREVi4+3d6vuY6h3A7dyUloe/wiw==,5VcAxOt80PlZhnWWS7RzWkxkjVpLoVC8GyT7DSR/pgU=,H3nlhiimybIufnI2n1GjYA==
QR RECEIVED 1@RmWSKktQAXLMiZu6aN6U40VN38vTWCV5H+oQdL8Qyw73vGqMOUmcEh/93sZaJjwS0sozKkQvB6GIWQ==,Qzroobzg85e/rOKNdyXIVZ3F0wYlhnotz+B0XpiUlAE=,DAlFfqQ4Mqnn59mj8hJk5w==
QR RECEIVED 1@CRBh0VytKSninMs268lIKnDw0ZZ0aVjzjeCuG87DXmK7WYSOE+9OUS0OCLv519KEHZg6Wv0UeO2ctA==,xp9sBaIMHMV5+ef9KYD6CxLaZOZCVlcX9MI7C3pJRyk=,KczUWhv4R6OcUp0rOzwfmA==
QR RECEIVED 1@TagbsBmIb/y/vcOA0XIsmWc9uZCnbMC8VTQqa0lWuGAXJuCA80TKrw6XpDmzAv7rd7VvFSIsuJwZVA==,5PmIG/St6tNwUhESI2JUNSAkdhqnt/DK9CP4jPnuckw=,XV5mFoko+cWA9214GOByEw==
QR RECEIVED 1@nA/VPUEbX3pvxMNfvosv7fGi3iVhEiG7UxSyI8+zBKZKYCMq+ZAsLfnU7zBgCB+bSZZLekqp0AFMAw==,du43c3n82KYSZj0i4My8nT1u2R8Rvx052FH8ipbHNVg=,ZE8V5b83iAp+dOjdweB06Q==
QR RECEIVED 1@vdYUtSCFUjJKoJZyyWjTRWx9tc8l50oamJ/BZQQJkRZcwo7zyBkWufKKQIdX5/vCGW+wm/no8QUIVw==,rljLCFr1MJRjAoesiV24KFpinoyaYFi2U5HoCSOPcS4=,MYjBzkisFlGL0twrwxgq/A==
QR RECEIVED 1@vac0Q74jVinsVQU1clWAQq0yt+Lo7Ks1uXX4OIIogd90mCr23GjRoxeY7NV4LEE77Ghnx4Ppao1HYA==,wkaynJn0hV6pQZ9ZCxj1EmE83GHfIhZKQbrxrEPqsUo=,WrPMZmQtyOh2mAusTUgC/Q==
QR RECEIVED 1@kbXkFPTaS3wAzRVlqNhch0vLeCmL5b2JnyVViqoA+tw97y+lo0LCkvaB1e9MsswxQbzly+cAq0b0zg==,Le3cK3mFcHKoz6Idl728RAN1TxCrqueToXy3/snWTwQ=,DGf9sSa2Sziebkf9smqoqw==
QR RECEIVED 1@f/XyIPjZntCNqYIDyt+ELvc1bbOb/l91AL3qrSSBJJA7TmXk0WJGZ6mfVDCaKMAv9kxWRq1u27RRHw==,5VcAxOt80PlZhnWWS7RzWkxkjVpLoVC8GyT7DSR/pgU=,H3nlhiimybIufnI2n1GjYA==
QR RECEIVED 1@ja+eYGZH/cTbSmC395YQRnghP+jEMFbEAA20ykwEag2D1MALsQwr52kgWBA4PQLLW0ajg5K3aOUH/Q==,Qzroobzg85e/rOKNdyXIVZ3F0wYlhnotz+B0XpiUlAE=,DAlFfqQ4Mqnn59mj8hJk5w==
QR RECEIVED 1@DNRKRwt5Ahi2vAz7J6mItJuUb9nzbQw1LbcT/2b0Hos+caz0+gP0jrVOew0k7Y+OQuHVqZFWC0KOKw==,5PmIG/St6tNwUhESI2JUNSAkdhqnt/DK9CP4jPnuckw=,XV5mFoko+cWA9214GOByEw==
QR RECEIVED 1@jX/emecnCd7oc33kzAfmi80HZtaGzCm8OzC7oH6fZJdwQGqpM41GIwkIMYVI/5N3/Df3X3TYWGBzbw==,xp9sBaIMHMV5+ef9KYD6CxLaZOZCVlcX9MI7C3pJRyk=,KczUWhv4R6OcUp0rOzwfmA==
QR RECEIVED 1@me2g/50H4uGP2s5WT3trsStZPBS/RDUa8lFuaVsdanZu0doRIl2dSSFaQGTu3Iv+MQwUHPDZG78MZw==,du43c3n82KYSZj0i4My8nT1u2R8Rvx052FH8ipbHNVg=,ZE8V5b83iAp+dOjdweB06Q==
QR RECEIVED 1@vOiN9RNoWsHndHamsIMOjA+ESOYKV4w0f65pjHwKxdOd9OC1lDd2XNMiAuEY0aZiPjsbOh8l3FIDcQ==,rljLCFr1MJRjAoesiV24KFpinoyaYFi2U5HoCSOPcS4=,MYjBzkisFlGL0twrwxgq/A==
QR RECEIVED 1@vac0Q74jVinsVQU1clWAQq0yt+Lo7Ks1uXX4OIIogd90mCr23GjRoxeY7NV4LEE77Ghnx4Ppao1HYA==,wkaynJn0hV6pQZ9ZCxj1EmE83GHfIhZKQbrxrEPqsUo=,WrPMZmQtyOh2mAusTUgC/Q==
QR RECEIVED 1@kbXkFPTaS3wAzRVlqNhch0vLeCmL5b2JnyVViqoA+tw97y+lo0LCkvaB1e9MsswxQbzly+cAq0b0zg==,Le3cK3mFcHKoz6Idl728RAN1TxCrqueToXy3/snWTwQ=,DGf9sSa2Sziebkf9smqoqw==
QR RECEIVED 1@f/XyIPjZntCNqYIDyt+ELvc1bbOb/l91AL3qrSSBJJA7TmXk0WJGZ6mfVDCaKMAv9kxWRq1u27RRHw==,5VcAxOt80PlZhnWWS7RzWkxkjVpLoVC8GyT7DSR/pgU=,H3nlhiimybIufnI2n1GjYA==
QR RECEIVED 1@ja+eYGZH/cTbSmC395YQRnghP+jEMFbEAA20ykwEag2D1MALsQwr52kgWBA4PQLLW0ajg5K3aOUH/Q==,Qzroobzg85e/rOKNdyXIVZ3F0wYlhnotz+B0XpiUlAE=,DAlFfqQ4Mqnn59mj8hJk5w==
QR RECEIVED 1@jX/emecnCd7oc33kzAfmi80HZtaGzCm8OzC7oH6fZJdwQGqpM41GIwkIMYVI/5N3/Df3X3TYWGBzbw==,xp9sBaIMHMV5+ef9KYD6CxLaZOZCVlcX9MI7C3pJRyk=,KczUWhv4R6OcUp0rOzwfmA==
QR RECEIVED 1@DNRKRwt5Ahi2vAz7J6mItJuUb9nzbQw1LbcT/2b0Hos+caz0+gP0jrVOew0k7Y+OQuHVqZFWC0KOKw==,5PmIG/St6tNwUhESI2JUNSAkdhqnt/DK9CP4jPnuckw=,XV5mFoko+cWA9214GOByEw==
QR RECEIVED 1@lONLxgV3PoiQugI91WbvIkr5EA/P3a9Ldm3SyenbvM4/FSJIX0NK/cl22X+ApGhIDLwUsyzZ0gRqEQ==,du43c3n82KYSZj0i4My8nT1u2R8Rvx052FH8ipbHNVg=,ZE8V5b83iAp+dOjdweB06Q==
QR RECEIVED 1@YqT5yzRVbmXbbKv9N3v0/X3w6ITg4paHqcePz7/aoXHsgNFs812MT+WYujYdC1iL30qROmLSlH1s/A==,rljLCFr1MJRjAoesiV24KFpinoyaYFi2U5HoCSOPcS4=,MYjBzkisFlGL0twrwxgq/A==
QR RECEIVED 1@fRu2da14WKUfdwKvipINaQAydp4mLrg/rzzYCcCfAd+AtSm4T2mnJ1VJXiOdeOk8j9+z/hCKuUz9Zg==,wkaynJn0hV6pQZ9ZCxj1EmE83GHfIhZKQbrxrEPqsUo=,WrPMZmQtyOh2mAusTUgC/Q==
QR RECEIVED 1@8mtRqZVf635HQmQTJFRnVhr9YpmSPa2VI0v9p/Zjo+MSR97VCqvf+xYVJiCf+LNqOwst+nNPcjqzQQ==,Le3cK3mFcHKoz6Idl728RAN1TxCrqueToXy3/snWTwQ=,DGf9sSa2Sziebkf9smqoqw==
QR RECEIVED 1@PNSrZyeGEQoqtY0J4XIRjSwf0nos7semg+C1+ub6Vdy9QYMz9WOHgfHOy0T10mLhVlYm+N72cTlSgw==,5VcAxOt80PlZhnWWS7RzWkxkjVpLoVC8GyT7DSR/pgU=,H3nlhiimybIufnI2n1GjYA==
QR RECEIVED 1@iMn2NUTKLlXBskqM+MFmc1ITfJfKMC2bIfnBWXDMeBAAeD42KJMCnkzqKrx5Kqy/kjivQl9eaQbIuw==,Qzroobzg85e/rOKNdyXIVZ3F0wYlhnotz+B0XpiUlAE=,DAlFfqQ4Mqnn59mj8hJk5w==
QR RECEIVED 1@60JmDb5GqzB1LkDsa0x4fHEFDW/eOlJhrRmiY5oTAtUA1aD3WbKRSZA5BHtyzQ3PwVL6jwW0dNSboQ==,xp9sBaIMHMV5+ef9KYD6CxLaZOZCVlcX9MI7C3pJRyk=,KczUWhv4R6OcUp0rOzwfmA==
QR RECEIVED 1@gYPj/3eYaQ1lrITdwHTem4rrGXyDfSntVnwYFDHMqrigGVS106fUq8KZHTOSfg20JbwtuaLibk5XcA==,5PmIG/St6tNwUhESI2JUNSAkdhqnt/DK9CP4jPnuckw=,XV5mFoko+cWA9214GOByEw==
QR RECEIVED 1@7IcWZjcyaaVVsE9ad0pMpuOXhKXe2Z70GWB+gFyeT1pooDlVJIAnwZxfU6e7nnCRdmVzzl5/+icGyA==,du43c3n82KYSZj0i4My8nT1u2R8Rvx052FH8ipbHNVg=,ZE8V5b83iAp+dOjdweB06Q==
QR RECEIVED 1@8P/Xph+muKQ8t9cNYfv55rvwofPwLJRGAsEjU7dPa3qjaBFJGnItei5nwuugOOfa203HcdOJuh3EYg==,rljLCFr1MJRjAoesiV24KFpinoyaYFi2U5HoCSOPcS4=,MYjBzkisFlGL0twrwxgq/A==
QR RECEIVED 1@/8w+ngKvJWRt0zr6pNYCO9jfBaLt/l6kwW9z3IZM4wvAuZxno6dAV/avh1jmhfyrJ3ZwGy3LRBhHQg==,wkaynJn0hV6pQZ9ZCxj1EmE83GHfIhZKQbrxrEPqsUo=,WrPMZmQtyOh2mAusTUgC/Q==
QR RECEIVED 1@o77ayr+9DVlDM6YDFEUYiubQXhoeGdMqBUxFuBIQKIeHEO5oTL1S1W4LIB/qev79MyzM5qLuuVROKg==,Le3cK3mFcHKoz6Idl728RAN1TxCrqueToXy3/snWTwQ=,DGf9sSa2Sziebkf9smqoqw==
QR RECEIVED 1@9YpMYp3OllKhejQXQd1RyWt/3B9HcZGOgDqiJpGTK8OpJl+gC/LpwciMrk3eDn+HNv/xAZijv12brA==,5VcAxOt80PlZhnWWS7RzWkxkjVpLoVC8GyT7DSR/pgU=,H3nlhiimybIufnI2n1GjYA==
QR RECEIVED 1@N4/yl/zogVqBaqOODc2QcuKOK44B7k23fpJ9uczxrPSUYj/+7nNGiSgCvwsUuAoUbVcJOwXpHyN/Bg==,Qzroobzg85e/rOKNdyXIVZ3F0wYlhnotz+B0XpiUlAE=,DAlFfqQ4Mqnn59mj8hJk5w==
QR RECEIVED 1@WHU+FvaxZcDj1PnzCFkr9zWeO9QbGXBbKevBaTkxts5QPI8fJKjh7b+YIYlRHXqgNJBWgZpN7+wwgA==,xp9sBaIMHMV5+ef9KYD6CxLaZOZCVlcX9MI7C3pJRyk=,KczUWhv4R6OcUp0rOzwfmA==
QR RECEIVED 1@QcbDlEqayHuWJHiXDzHe7Fxfk8ukqUqglxTIqg9gbXPlQSuv/Sfw4YM7ZXaT5CAOJJkYFCt49zd5qg==,5PmIG/St6tNwUhESI2JUNSAkdhqnt/DK9CP4jPnuckw=,XV5mFoko+cWA9214GOByEw==
QR RECEIVED 1@cj3Lcw9m7mmxssCZ1Ti2AuDzXdbIjtnUttpDLgV5iO1rcrKygKPrdfTcScfrGSeSlx9d6+Sede4PeQ==,du43c3n82KYSZj0i4My8nT1u2R8Rvx052FH8ipbHNVg=,ZE8V5b83iAp+dOjdweB06Q==
QR RECEIVED 1@QzbMLxbrEfLYpJYkW8xIfapDB4JzBbjt/k6TsZcn6WVznWJzCh00Vrys1P6EtzEj3Bx0mmt/i+4ySQ==,rljLCFr1MJRjAoesiV24KFpinoyaYFi2U5HoCSOPcS4=,MYjBzkisFlGL0twrwxgq/A==
QR RECEIVED 1@1gJWufDMTTae0ZeMFWtuVIilfSnzvSfu9T7KkHQsJf3oDE1Vp2S7IzREof2jtP1WUBZNGrsQvdyAnA==,wkaynJn0hV6pQZ9ZCxj1EmE83GHfIhZKQbrxrEPqsUo=,WrPMZmQtyOh2mAusTUgC/Q==
QR RECEIVED 1@xbNaPXr9OYWKNqjGRXS5ruJAqZq3U3RT27V8PgHScXlnR+PMxYCf4Zh8AjDXw8IUlGVq60ji2c08kg==,Le3cK3mFcHKoz6Idl728RAN1TxCrqueToXy3/snWTwQ=,DGf9sSa2Sziebkf9smqoqw==
QR RECEIVED 1@1RSNIi3JcFZz3F66w5jU7Kn4sSdQ65gJ3WyXxgwc3WwwPG/uXXRt4cWVlU2bwh6m84pbyEgQEbIu6A==,5VcAxOt80PlZhnWWS7RzWkxkjVpLoVC8GyT7DSR/pgU=,H3nlhiimybIufnI2n1GjYA==
QR RECEIVED 1@ei0/AjjsTwpRLjxcWggFuw7J+TJKBuJth6qIhTRKGG3LtGVdpRYiYNEBDktTdtbrrBQUUEuEIgN3GA==,Qzroobzg85e/rOKNdyXIVZ3F0wYlhnotz+B0XpiUlAE=,DAlFfqQ4Mqnn59mj8hJk5w==
QR RECEIVED 1@szX3Ad2RKobRfnjLDEwKL07wQL+KFGOihGgVURQVu1DkMGVZ3rBPuzJjTuLzG3hchy5Unl4WShZ0Ow==,5PmIG/St6tNwUhESI2JUNSAkdhqnt/DK9CP4jPnuckw=,XV5mFoko+cWA9214GOByEw==
QR RECEIVED 1@oMxGZlUKWIhBEJmXLimykrJOlroGq/Je5cofKHwpZN3gW7+aV3QkXP2qat/TrTzrGhR/CP4gDXSVSA==,xp9sBaIMHMV5+ef9KYD6CxLaZOZCVlcX9MI7C3pJRyk=,KczUWhv4R6OcUp0rOzwfmA==
QR RECEIVED 1@o/AT6zIjObBvWw8vbs+KZHIZjrVLRZPm9QXh8ymG9faBTRPknbKxzg6NAmtPa7qaRnl3zbhcPnfUiw==,rljLCFr1MJRjAoesiV24KFpinoyaYFi2U5HoCSOPcS4=,MYjBzkisFlGL0twrwxgq/A==
QR RECEIVED 1@fEfFQfMbRkU9ZyBjX7GZXbtXyW9WkYTcmfsp3m5dBRit/HEXerf8Z42WuLLu3lEMpLCLXYhVYu8r8w==,du43c3n82KYSZj0i4My8nT1u2R8Rvx052FH8ipbHNVg=,ZE8V5b83iAp+dOjdweB06Q==
QR RECEIVED 1@tac1wCsUE55swrKOkHlSYk8gD6fkj3hpv8TdZFYBkef5r+hpmEDyI5SMmW+ixSXCZC7z6ygcqRw2XQ==,wkaynJn0hV6pQZ9ZCxj1EmE83GHfIhZKQbrxrEPqsUo=,WrPMZmQtyOh2mAusTUgC/Q==
QR RECEIVED 1@sMPdualU8dzjrljgcRsFuoVaWQAZMSSu9JBnAmV+FymRaFO+jOLh9PMj32LTw0NSiRpcEAbeQBzZXg==,Le3cK3mFcHKoz6Idl728RAN1TxCrqueToXy3/snWTwQ=,DGf9sSa2Sziebkf9smqoqw==
QR RECEIVED 1@qx89GbCHCFsIWJtQSgzq2GobEBFCRsJ8to4mNTdGpSUIYs3vWaJkrVZ+V1qUmBgBdPFJ065b7VeUGQ==,5VcAxOt80PlZhnWWS7RzWkxkjVpLoVC8GyT7DSR/pgU=,H3nlhiimybIufnI2n1GjYA==
QR RECEIVED 1@VOrO+9JRx7yhzsMLrdUj8y+cz7JbXYK+AgX96oJ30x4gwmBhCqKvArbu9CrZ5J4iD2LsUHV1+ipKcQ==,Qzroobzg85e/rOKNdyXIVZ3F0wYlhnotz+B0XpiUlAE=,DAlFfqQ4Mqnn59mj8hJk5w==
QR RECEIVED 1@qgPg4cToDSQVwkCm1Em7S9ksCvMpP1t+c55afwe6th7FPCdnIeCskk8W1iNlFTamUsNaMFcrVUEY1Q==,xp9sBaIMHMV5+ef9KYD6CxLaZOZCVlcX9MI7C3pJRyk=,KczUWhv4R6OcUp0rOzwfmA==
QR RECEIVED 1@o86Uy61tfBKO8vj1voIHeqYvDnDCbpZ3M4zR4hF51FSolpl47aH1jntHERGedhjad5ptyinfEpGCww==,5PmIG/St6tNwUhESI2JUNSAkdhqnt/DK9CP4jPnuckw=,XV5mFoko+cWA9214GOByEw==
QR RECEIVED 1@6Ui/4ouGJ0RbhDjA2FokVPjUXPpjSt76RR7H1tzN2re8wO/eGZjXr481LK46GIEvgTo909CRTpzjkA==,rljLCFr1MJRjAoesiV24KFpinoyaYFi2U5HoCSOPcS4=,MYjBzkisFlGL0twrwxgq/A==
QR RECEIVED 1@USFMk3DmTDV39kZ3XivyNCHgIENjV+EuyNC8CKg2zHOAfKVxX9LWIQcTVT/t+pwbOdRtkEab/dM4WQ==,du43c3n82KYSZj0i4My8nT1u2R8Rvx052FH8ipbHNVg=,ZE8V5b83iAp+dOjdweB06Q==
QR RECEIVED 1@+1lMfD/uqez3Dabr4WowmijPsMaRHCdIzo+qkNTEsbzaUW7/ucH1W9PIQ/6g6SIOwoCZkuJsxh28PA==,wkaynJn0hV6pQZ9ZCxj1EmE83GHfIhZKQbrxrEPqsUo=,WrPMZmQtyOh2mAusTUgC/Q==
QR RECEIVED 1@EERgfbSTbLGZ1mijVrcNZpA5pbxqjGctxA9zyEhq8s3ZbQ3JBwQOyb8SYDZqkW172H/dEc5fEoHbLg==,Le3cK3mFcHKoz6Idl728RAN1TxCrqueToXy3/snWTwQ=,DGf9sSa2Sziebkf9smqoqw==
QR RECEIVED 1@ejoQwKjRPqxChG4zF20VMlFgqRq3Wm/SC8GZbVXJ5LzyGwAKN1fY15q6LNm4A0ZWzYvTcc8khASdLQ==,5VcAxOt80PlZhnWWS7RzWkxkjVpLoVC8GyT7DSR/pgU=,H3nlhiimybIufnI2n1GjYA==
QR RECEIVED 1@TFvy4cyR9QASoqhA/9Xgfpr8rhmuEd9sWZeJZpJti2UetqYc5JhoqeTEFBctFAtZJ2emYzWUCy41BQ==,Qzroobzg85e/rOKNdyXIVZ3F0wYlhnotz+B0XpiUlAE=,DAlFfqQ4Mqnn59mj8hJk5w==
QR RECEIVED 1@9WW8yU6J2sBfnEMzMTUrzfEajSrS2jTCZBIYW5hIAz7Huq+sfzc6URXKQv/HJIj8R5k4z5ELdOKlnA==,xp9sBaIMHMV5+ef9KYD6CxLaZOZCVlcX9MI7C3pJRyk=,KczUWhv4R6OcUp0rOzwfmA==
QR RECEIVED 1@sZr/2WkLIEV2UnEatk7byhs3zsi+Px47Zj7LSUO+NaCETBSR5fhO9IROitWDzf08AVhXtMqkBVdFig==,5PmIG/St6tNwUhESI2JUNSAkdhqnt/DK9CP4jPnuckw=,XV5mFoko+cWA9214GOByEw==
QR RECEIVED 1@tSIDRg8YtpS7f0+oZI98BPhQFPKm3W0rJaz5H2mpFDr/yogDndRgBveNKcwsdAchlSedYELXnXNsYA==,rljLCFr1MJRjAoesiV24KFpinoyaYFi2U5HoCSOPcS4=,MYjBzkisFlGL0twrwxgq/A==
QR RECEIVED 1@P2Eb8r+36P9L1tAXs93TigK1cr3AGFIoG32Km8v/TJtMZTHTwRULBc0wE1lLpam3iYh7IUsaCQJWbw==,du43c3n82KYSZj0i4My8nT1u2R8Rvx052FH8ipbHNVg=,ZE8V5b83iAp+dOjdweB06Q==
QR RECEIVED 1@+1lMfD/uqez3Dabr4WowmijPsMaRHCdIzo+qkNTEsbzaUW7/ucH1W9PIQ/6g6SIOwoCZkuJsxh28PA==,wkaynJn0hV6pQZ9ZCxj1EmE83GHfIhZKQbrxrEPqsUo=,WrPMZmQtyOh2mAusTUgC/Q==
QR RECEIVED 1@EERgfbSTbLGZ1mijVrcNZpA5pbxqjGctxA9zyEhq8s3ZbQ3JBwQOyb8SYDZqkW172H/dEc5fEoHbLg==,Le3cK3mFcHKoz6Idl728RAN1TxCrqueToXy3/snWTwQ=,DGf9sSa2Sziebkf9smqoqw==
QR RECEIVED 1@Smz8YYUkcnbZDnfFpgmHiKfwTxIHjwcHpjEp0WzcGJzSTKP20Qnct8SCh5QD6T11JbVtyB6JYU04Fw==,5VcAxOt80PlZhnWWS7RzWkxkjVpLoVC8GyT7DSR/pgU=,H3nlhiimybIufnI2n1GjYA==
QR RECEIVED 1@ihWpPMNrHMcrs8myJRD8i0iCV2RSic0Y3/ERlNI3BHdOzOW7ptlegBEnrr6z4LSAWjLH1DCWv5qOxw==,Qzroobzg85e/rOKNdyXIVZ3F0wYlhnotz+B0XpiUlAE=,DAlFfqQ4Mqnn59mj8hJk5w==
QR RECEIVED 1@Hq0n6k8IV8P9CwH5Agyl1tdWxv2VOjlGjQpWwftrijmz7c37GgHjqp3L4w5lULeNt2TEDB4aKJzZSA==,5PmIG/St6tNwUhESI2JUNSAkdhqnt/DK9CP4jPnuckw=,XV5mFoko+cWA9214GOByEw==
QR RECEIVED 1@0RXJQoU9/S8Gf0T/MOGt2G4dUbz37Bkcc/8De/GDRB6wor9Z1ql5LrYckI5dbC8q6qFjqrusIB42Gw==,xp9sBaIMHMV5+ef9KYD6CxLaZOZCVlcX9MI7C3pJRyk=,KczUWhv4R6OcUp0rOzwfmA==
QR RECEIVED 1@6xKiKdTAtv6VPpuBjNaw6/W7F4rb9HDUxQvMr5dylY/jSsjSzkFyWbHMcAHV74+WvU5fK8vPBlwhjQ==,rljLCFr1MJRjAoesiV24KFpinoyaYFi2U5HoCSOPcS4=,MYjBzkisFlGL0twrwxgq/A==
QR RECEIVED 1@tU06yTZDclIgSuPTQjCBvjDnlowwMgea1FRqW5dxVMz1/9CqvM+V4KQRh+gBVNCN6aFoxrKllQquVQ==,du43c3n82KYSZj0i4My8nT1u2R8Rvx052FH8ipbHNVg=,ZE8V5b83iAp+dOjdweB06Q==
QR RECEIVED 1@mAEbT845/FyZfqrHRYuZYKo5nX6gYd4GlTRo/ADTq3FLISK+IPSnuW+oX2/GTYxXsybUe14oaApeSQ==,wkaynJn0hV6pQZ9ZCxj1EmE83GHfIhZKQbrxrEPqsUo=,WrPMZmQtyOh2mAusTUgC/Q==
QR RECEIVED 1@SPL8sUIyjlkslcatwlBTZ3uRvOUPIT/KKHMymFk/+BlcLnuVSAQRenM2tmRsEP8aYs2cUu9+uXAFXA==,Le3cK3mFcHKoz6Idl728RAN1TxCrqueToXy3/snWTwQ=,DGf9sSa2Sziebkf9smqoqw==
QR RECEIVED 1@pawB4sWvvBgQq9lN48alv1yjHxE0CtdB5jiuhamCEHPSIIcLSJrapz/XT/KL6UzS5m5QvQOZpczF4Q==,5VcAxOt80PlZhnWWS7RzWkxkjVpLoVC8GyT7DSR/pgU=,H3nlhiimybIufnI2n1GjYA==
QR RECEIVED 1@A1Zy+69z4arO7pdagNz6EqI0/iCz1wjhvom12j7h9wB7HHwk4HeMl/l/Iixd0wiMJGiiYlowNTQCWQ==,Qzroobzg85e/rOKNdyXIVZ3F0wYlhnotz+B0XpiUlAE=,DAlFfqQ4Mqnn59mj8hJk5w==
QR RECEIVED 1@0pI82rW0sHDS1uCZOJvUN4WeQ7nANcHv2BpNYTO6ihwpg1Diw2MpfvhywsbKKqoKxwVL9tFUdf99ww==,xp9sBaIMHMV5+ef9KYD6CxLaZOZCVlcX9MI7C3pJRyk=,KczUWhv4R6OcUp0rOzwfmA==
QR RECEIVED 1@GGyHTt92POqGDEXPSexAGs01+4dEYzwNL6ZYa8y3CALHJu+UUy8nsluUE35iHTCDSSx4NSoeqAnNuw==,5PmIG/St6tNwUhESI2JUNSAkdhqnt/DK9CP4jPnuckw=,XV5mFoko+cWA9214GOByEw==
QR RECEIVED 1@tqv2CfQrjx1RYKrSzkx7PKaTBtAHytx1XEvSBY5XZs7r+/uQ9AlaooITEtqmxv13R+LfmKKYQpT9Ww==,rljLCFr1MJRjAoesiV24KFpinoyaYFi2U5HoCSOPcS4=,MYjBzkisFlGL0twrwxgq/A==
QR RECEIVED 1@8T/H7JmXxlO6bAzfn+5Gg2sgPuu94CXXG3Xwyc7g+NpXDHeLDpyEuBc3SEPhYqxoV4XTA7FmuhawSw==,du43c3n82KYSZj0i4My8nT1u2R8Rvx052FH8ipbHNVg=,ZE8V5b83iAp+dOjdweB06Q==
QR RECEIVED 1@KdGvotzcqy5ajkoXdrAmInsAT5fZWNraK/kh6IdBhb6by9Nm4U6O6q48VMw/5JZiAgH6VJphCEbLNQ==,wkaynJn0hV6pQZ9ZCxj1EmE83GHfIhZKQbrxrEPqsUo=,WrPMZmQtyOh2mAusTUgC/Q==
QR RECEIVED 1@3skvisS+gbDRyfhIu7U2Gc3Lkj8h26+/5IVoZH6tchuTtr07mgM7NKh9MT7t3o8d/XJ43RvWxGH4HA==,Le3cK3mFcHKoz6Idl728RAN1TxCrqueToXy3/snWTwQ=,DGf9sSa2Sziebkf9smqoqw==
QR RECEIVED 1@AWYkTskXDu/Ogvz4gVRJgwf27genQ+u7bAtpzNGPtrfVne3iOvAmaw6iURe4PlkmJtqRoNaTc53p3w==,5VcAxOt80PlZhnWWS7RzWkxkjVpLoVC8GyT7DSR/pgU=,H3nlhiimybIufnI2n1GjYA==
QR RECEIVED 1@UdK+ObtA5CgkLhvo+XWIwqs8TUlfovvuEy7VFGyqefKiVGlhUHUolIlNXvei6/jaytj71Oa62lPneg==,Qzroobzg85e/rOKNdyXIVZ3F0wYlhnotz+B0XpiUlAE=,DAlFfqQ4Mqnn59mj8hJk5w==
QR RECEIVED 1@JVb3DYE96deD9VSGqqADUGALuPbBZ2vaAhHn561NyoYXmSkMuKAaGqsc1U6v1gztSt65LAZb/LKE/g==,xp9sBaIMHMV5+ef9KYD6CxLaZOZCVlcX9MI7C3pJRyk=,KczUWhv4R6OcUp0rOzwfmA==
QR RECEIVED 1@x0/jwD6yRuW4ZEMP/E07YSnDFQI/vjRfmjQnOtzmjv4VUo+14lmlp4ssABMiKU2d6jKRJircehvlBQ==,5PmIG/St6tNwUhESI2JUNSAkdhqnt/DK9CP4jPnuckw=,XV5mFoko+cWA9214GOByEw==
QR RECEIVED 1@qbwdU1Lscn1xaH9MOWrJ2Fw7pVONZ4q4dv4T7NIIDCaVdQQ+IbfGrHNl36HkokjobguVgCTX045/Ag==,du43c3n82KYSZj0i4My8nT1u2R8Rvx052FH8ipbHNVg=,ZE8V5b83iAp+dOjdweB06Q==
QR RECEIVED 1@yM+Zy48jlW7WvWHZsuByJbM5DLVyZF67qccKfYfl9OF95KXT2ZeTfc73QaLARKRGDwIoROb6mHpavw==,rljLCFr1MJRjAoesiV24KFpinoyaYFi2U5HoCSOPcS4=,MYjBzkisFlGL0twrwxgq/A==
Create session: undefined
Creating session: undefined
QR RECEIVED 1@f3J4wh5ev3dHfkWADVHCp9caDVULrPeEuCu8Y7OYGQzF+pkD5yTs+Sce0gB2mEq/p+whpHj6ux6Mxw==,yTAMrZ12EQZyB/Z5x2/fDSrlWkocVklzFhEVMjAuKUQ=,zZkcNLwPgGS4p1SvQDK1Wg==
QR RECEIVED 1@j/bRV8Tw8EGYEtK6JjwAjIK5uHXrw4OTUUWbPRoMcQ+YG/PeEel6Q07eUPGddmQ11B0obYAld3e0bw==,wkaynJn0hV6pQZ9ZCxj1EmE83GHfIhZKQbrxrEPqsUo=,WrPMZmQtyOh2mAusTUgC/Q==
QR RECEIVED 1@NpvuXKZJkhZjWVMUbQCD8hnFRuJUVdxQUo3p8MX4BLge4ckFv+krK9VTimt4Z3mm6tZ7FJb2m/qNqg==,Le3cK3mFcHKoz6Idl728RAN1TxCrqueToXy3/snWTwQ=,DGf9sSa2Sziebkf9smqoqw==
QR RECEIVED 1@P6KuT8RA2Tz2Davz5K0A7AJ0cNfuo5KToJytmgzvZnSD715tnZivg25qEs8VgAf6Ne+Dpry9w3S7Pg==,5VcAxOt80PlZhnWWS7RzWkxkjVpLoVC8GyT7DSR/pgU=,H3nlhiimybIufnI2n1GjYA==
QR RECEIVED 1@IBpI2tJQvJoxEmy6HZI5mPGICP1xEJxk6IPMRqjX6jg+rtosFptuq4m+bXLsV8HD67jcIas+Pdhhng==,Qzroobzg85e/rOKNdyXIVZ3F0wYlhnotz+B0XpiUlAE=,DAlFfqQ4Mqnn59mj8hJk5w==
QR RECEIVED 1@Cw7Hg2LmHKK4fzbMwEk08kjQbCU9lIwWrJ1jYp6wXjkj6/TJDnYMW6dWzdaqFg8VxuPX/jt8zTVU2w==,xp9sBaIMHMV5+ef9KYD6CxLaZOZCVlcX9MI7C3pJRyk=,KczUWhv4R6OcUp0rOzwfmA==
QR RECEIVED 1@V6bdSF+lSdCDOEku+OJisyf1rtNgwB2G63Dhc8d7K0hi6BTXHcnij60ZKWz87lyvYUzvpFZ1DI16EQ==,5PmIG/St6tNwUhESI2JUNSAkdhqnt/DK9CP4jPnuckw=,XV5mFoko+cWA9214GOByEw==
QR RECEIVED 1@wzS84nEOtyiKhVcSXLij+LKNhKpTV2QLqB1qyCGxKyRsjgGQQBpZENKoSMck7nPDKCzCJ0qdTXGmug==,rljLCFr1MJRjAoesiV24KFpinoyaYFi2U5HoCSOPcS4=,MYjBzkisFlGL0twrwxgq/A==
QR RECEIVED 1@8gLA0G1NKxB1JRlqxdYkr7bQL5q1kZ1MB1W7+e9ahu9pp+QCTaHBmiXQrXF1o+AvoI5NmUCsj7d1dg==,du43c3n82KYSZj0i4My8nT1u2R8Rvx052FH8ipbHNVg=,ZE8V5b83iAp+dOjdweB06Q==
QR RECEIVED 1@f3J4wh5ev3dHfkWADVHCp9caDVULrPeEuCu8Y7OYGQzF+pkD5yTs+Sce0gB2mEq/p+whpHj6ux6Mxw==,yTAMrZ12EQZyB/Z5x2/fDSrlWkocVklzFhEVMjAuKUQ=,zZkcNLwPgGS4p1SvQDK1Wg==
QR RECEIVED 1@OiUojSVtfD53ICfQ+v95VUx3gS+i/OKTH7vn+5/8P3A7TeoqQy67Q9vS+B7Z6EiRPYVGz+zIsahHXA==,wkaynJn0hV6pQZ9ZCxj1EmE83GHfIhZKQbrxrEPqsUo=,WrPMZmQtyOh2mAusTUgC/Q==
QR RECEIVED 1@kl3rxvMun7RtooVzCaB/3zI0Cu7vUpKqYXoL8e5x6aqfH/LJ6Pi3EXfatZj0VMT5G95EgXIKMmVbyg==,Le3cK3mFcHKoz6Idl728RAN1TxCrqueToXy3/snWTwQ=,DGf9sSa2Sziebkf9smqoqw==
QR RECEIVED 1@yInFbVXG5aAEXpc9SNa9UK2ITHyCrbp9ptUXz5Qa6Otg80I3Nr2qpiiPeeyfOmKWXbA2+eCm98n9/w==,5VcAxOt80PlZhnWWS7RzWkxkjVpLoVC8GyT7DSR/pgU=,H3nlhiimybIufnI2n1GjYA==
QR RECEIVED 1@zmSYkeRH4CzTUMHIP2kYGaf0LrsmPxE7Plb4YeZHO43MbjU/K5UiWZv6I+zdwS2aiNMoceRT1pRCQQ==,Qzroobzg85e/rOKNdyXIVZ3F0wYlhnotz+B0XpiUlAE=,DAlFfqQ4Mqnn59mj8hJk5w==
QR RECEIVED 1@KX4zd+NgeDm21jOXlLo0IOISIEGckllcbyucKgs+oKrTN2Yn5bn/ynFj8wK2HEOinB21oKz3fag7ZQ==,xp9sBaIMHMV5+ef9KYD6CxLaZOZCVlcX9MI7C3pJRyk=,KczUWhv4R6OcUp0rOzwfmA==
QR RECEIVED 1@bvAnsQbWeb86g/1eXLioooNZUzRevIlfikExDSuT0JjlBjGapf/OqHGPZzWugkqkXoIZo4wkw22O3A==,5PmIG/St6tNwUhESI2JUNSAkdhqnt/DK9CP4jPnuckw=,XV5mFoko+cWA9214GOByEw==
QR RECEIVED 1@s7Mq2Yrn3p5X3yH1jOMk8lmdbcfFZonT/64V/UVgXDlHuWV/fnHYcxSDZqSX3bf01YwqAeVUgbpZxA==,du43c3n82KYSZj0i4My8nT1u2R8Rvx052FH8ipbHNVg=,ZE8V5b83iAp+dOjdweB06Q==
QR RECEIVED 1@Wr88Hk2Eie6i6r7jgjI3ShpCza9xPpdnmnbP8sy1PJHsePmrYted7QhHESfeKU3MaJqFTC3WSkL7Ow==,rljLCFr1MJRjAoesiV24KFpinoyaYFi2U5HoCSOPcS4=,MYjBzkisFlGL0twrwxgq/A==
QR RECEIVED 1@BS6kinYAx1mBhN7u45e3wQIatabgoYov+kp7HUQkvenyIGULfIYd/gbfcvTnW54fpOkQFzOHeyraXA==,yTAMrZ12EQZyB/Z5x2/fDSrlWkocVklzFhEVMjAuKUQ=,zZkcNLwPgGS4p1SvQDK1Wg==
QR RECEIVED 1@b0DWBHZHoiH//r6TjeYEurIT19ETiB2i5mQfuz1F419GmKbOFkjNnUjlCKge1vky84lVR2ZIdooeBg==,wkaynJn0hV6pQZ9ZCxj1EmE83GHfIhZKQbrxrEPqsUo=,WrPMZmQtyOh2mAusTUgC/Q==
QR RECEIVED 1@LXHBsQz3HYEnrLKHI8l/SEAexsLrHdbNfEEEKtlg0fEKF3Uvat3IOVuFyBVt7vg8gL46nxc0tW5+FA==,Le3cK3mFcHKoz6Idl728RAN1TxCrqueToXy3/snWTwQ=,DGf9sSa2Sziebkf9smqoqw==
QR RECEIVED 1@O24Bw8qOy0aPsGrW42M91+wOhfXjCr2PEdBN8RG9TM+7DDGkEEqvM0J2IekhBJTDe5JvLgXWEDhjag==,5VcAxOt80PlZhnWWS7RzWkxkjVpLoVC8GyT7DSR/pgU=,H3nlhiimybIufnI2n1GjYA==
QR RECEIVED 1@fuLoRaz7mQ+IP96Z5q2/Wa4eqwa9MNnDVC3gzGSywxEAsx1OQoJ25/uhNeGWYryPny/IwbwJayQ8hA==,Qzroobzg85e/rOKNdyXIVZ3F0wYlhnotz+B0XpiUlAE=,DAlFfqQ4Mqnn59mj8hJk5w==
QR RECEIVED 1@YL2hAkzSKwnSu4wmo+FMvyzdofJvvHXuw7TCVVeuE5EVhkrD2fsJ2pM5cMVljdBy+sYjGM3EiNjqOg==,5PmIG/St6tNwUhESI2JUNSAkdhqnt/DK9CP4jPnuckw=,XV5mFoko+cWA9214GOByEw==
QR RECEIVED 1@WG855xcYlJHbHFKMCGogZkmNgG/NwC70wZiTMCmIfTZfjhu2g44KrNIvk/yUgvfuR9Fb7pN0hRB/PQ==,xp9sBaIMHMV5+ef9KYD6CxLaZOZCVlcX9MI7C3pJRyk=,KczUWhv4R6OcUp0rOzwfmA==
QR RECEIVED 1@7hDBG2pwyjdBv5NWItXqslC4OsosCtQLiufXihI7Y4YLKnK7WRIU1jBdghacaf/yi63/BHG/xZbkfg==,du43c3n82KYSZj0i4My8nT1u2R8Rvx052FH8ipbHNVg=,ZE8V5b83iAp+dOjdweB06Q==
QR RECEIVED 1@gLcPpO/Pu0QSkTCVMc7wonFX8e1kwBdG/3MIgO9/ZTCJXB519dKpUwqbEy9wRHua6j/E9daQM+shuQ==,rljLCFr1MJRjAoesiV24KFpinoyaYFi2U5HoCSOPcS4=,MYjBzkisFlGL0twrwxgq/A==
QR RECEIVED 1@HY79MPU0OSd6pyX94DOtNSvL4XEiYjn5LmqHmdH6pPoGJ6SLWY4lVH714AA8d1iPfuF5aVqjb8RyWw==,yTAMrZ12EQZyB/Z5x2/fDSrlWkocVklzFhEVMjAuKUQ=,zZkcNLwPgGS4p1SvQDK1Wg==
QR RECEIVED 1@b0DWBHZHoiH//r6TjeYEurIT19ETiB2i5mQfuz1F419GmKbOFkjNnUjlCKge1vky84lVR2ZIdooeBg==,wkaynJn0hV6pQZ9ZCxj1EmE83GHfIhZKQbrxrEPqsUo=,WrPMZmQtyOh2mAusTUgC/Q==
QR RECEIVED 1@LXHBsQz3HYEnrLKHI8l/SEAexsLrHdbNfEEEKtlg0fEKF3Uvat3IOVuFyBVt7vg8gL46nxc0tW5+FA==,Le3cK3mFcHKoz6Idl728RAN1TxCrqueToXy3/snWTwQ=,DGf9sSa2Sziebkf9smqoqw==
QR RECEIVED 1@O24Bw8qOy0aPsGrW42M91+wOhfXjCr2PEdBN8RG9TM+7DDGkEEqvM0J2IekhBJTDe5JvLgXWEDhjag==,5VcAxOt80PlZhnWWS7RzWkxkjVpLoVC8GyT7DSR/pgU=,H3nlhiimybIufnI2n1GjYA==
QR RECEIVED 1@fuLoRaz7mQ+IP96Z5q2/Wa4eqwa9MNnDVC3gzGSywxEAsx1OQoJ25/uhNeGWYryPny/IwbwJayQ8hA==,Qzroobzg85e/rOKNdyXIVZ3F0wYlhnotz+B0XpiUlAE=,DAlFfqQ4Mqnn59mj8hJk5w==
QR RECEIVED 1@Ahk5KfkXSE/Ruo2RWCNW7mv41v5NZWsrVjHN2QgthuT07kNj21uGRuFCh42AsQxY35WGOfYPcdXgkQ==,5PmIG/St6tNwUhESI2JUNSAkdhqnt/DK9CP4jPnuckw=,XV5mFoko+cWA9214GOByEw==
QR RECEIVED 1@WG855xcYlJHbHFKMCGogZkmNgG/NwC70wZiTMCmIfTZfjhu2g44KrNIvk/yUgvfuR9Fb7pN0hRB/PQ==,xp9sBaIMHMV5+ef9KYD6CxLaZOZCVlcX9MI7C3pJRyk=,KczUWhv4R6OcUp0rOzwfmA==
QR RECEIVED 1@gLcPpO/Pu0QSkTCVMc7wonFX8e1kwBdG/3MIgO9/ZTCJXB519dKpUwqbEy9wRHua6j/E9daQM+shuQ==,rljLCFr1MJRjAoesiV24KFpinoyaYFi2U5HoCSOPcS4=,MYjBzkisFlGL0twrwxgq/A==
QR RECEIVED 1@l9pgCyFrc/nlW2uH4WblcW8nM5nWtXNb27FyPLz9CaC5BeM6a4vcM2RzDIE4hsQtjBMnrE1zCpb6rA==,du43c3n82KYSZj0i4My8nT1u2R8Rvx052FH8ipbHNVg=,ZE8V5b83iAp+dOjdweB06Q==
QR RECEIVED 1@tfqn6hqScZ6t30yvYADrKyv5zSVwJI1zHlOpqzGEtx3KlBzNzpyowgJ9Fsp0pjk9uZyAN8vrWT8xHw==,yTAMrZ12EQZyB/Z5x2/fDSrlWkocVklzFhEVMjAuKUQ=,zZkcNLwPgGS4p1SvQDK1Wg==
QR RECEIVED 1@KXxo3+dmMhqlI9uvHq55Uwhip4mWLgeb+w205erdWcKlV7iEC1rlfrDt8mNHFOJs/UW8QM+lh0mhig==,wkaynJn0hV6pQZ9ZCxj1EmE83GHfIhZKQbrxrEPqsUo=,WrPMZmQtyOh2mAusTUgC/Q==
QR RECEIVED 1@U6GjoMvZgOdi4YI6lyuKIQol7KVe2/UYaCSKJZ0xJeOOpDihoZN8HZscFW6x633PRNze6NP8AJaiyw==,Le3cK3mFcHKoz6Idl728RAN1TxCrqueToXy3/snWTwQ=,DGf9sSa2Sziebkf9smqoqw==
QR RECEIVED 1@r/Wx1kLe05xh6wknyPQ2oPPon64SygRgdM5oUiZkPjx5x2+0R9ycqBSlhvzB5vlLLckzZ+1r4Noypw==,5VcAxOt80PlZhnWWS7RzWkxkjVpLoVC8GyT7DSR/pgU=,H3nlhiimybIufnI2n1GjYA==
QR RECEIVED 1@g+jOTBHVWSP9EjUdajGLFA/eRP8ifpnpvfFAKbFeXgkTJlA8+jK5yegJIKlE/4+YtCdV6S4dr6q5EA==,Qzroobzg85e/rOKNdyXIVZ3F0wYlhnotz+B0XpiUlAE=,DAlFfqQ4Mqnn59mj8hJk5w==
QR RECEIVED 1@lvTP0tzkmlgW483p9ymBGUoOvpc1G/wSmeLIRXRY2D5rE0q/7nCkh1FHQym27szmA+nL8azXlFE3+A==,5PmIG/St6tNwUhESI2JUNSAkdhqnt/DK9CP4jPnuckw=,XV5mFoko+cWA9214GOByEw==
QR RECEIVED 1@fnoNtMwltvla61i8rVAkr9HupMYN0x5epqOXV8KAmOLc2Dx3E1CWbPcaPYV1CFlrC3WNjljfun72Lw==,xp9sBaIMHMV5+ef9KYD6CxLaZOZCVlcX9MI7C3pJRyk=,KczUWhv4R6OcUp0rOzwfmA==
QR RECEIVED 1@Dxx8rx4FXX9f+sPcRn5/O6Vq4l1MXW6D0P5iwuhiwCtNqE043vTr7K2eRXb6JzOuDhHiUM14SaITbw==,rljLCFr1MJRjAoesiV24KFpinoyaYFi2U5HoCSOPcS4=,MYjBzkisFlGL0twrwxgq/A==
QR RECEIVED 1@NFEBYyzJU7dzFCVD7Xs8gcdTsHU4PN1735q7lKPv2kit5SYcxukVi4bMJ9y3ZlZ72PAm6cgihjzuaA==,du43c3n82KYSZj0i4My8nT1u2R8Rvx052FH8ipbHNVg=,ZE8V5b83iAp+dOjdweB06Q==
QR RECEIVED 1@+qhjfEq4v8cewRnZBAoS953fbrU32Mr4/Tj7sPgy0c4eJnsIwJpHrHmPwei/Q3vUb0GZ4o6fG69qrQ==,yTAMrZ12EQZyB/Z5x2/fDSrlWkocVklzFhEVMjAuKUQ=,zZkcNLwPgGS4p1SvQDK1Wg==
QR RECEIVED 1@4s5/lRWdzZJyxPs4xTWecKQuXx/jOneV9hDattzD4YYqFzsjmEGtpEbg3DEbrgvk4vOjJXYXzRR0Ng==,wkaynJn0hV6pQZ9ZCxj1EmE83GHfIhZKQbrxrEPqsUo=,WrPMZmQtyOh2mAusTUgC/Q==
QR RECEIVED 1@FqZ6zRReYcvFcC+ABJlC+9VAfPlvTIl3xMxTV2Wjetnmhvds03BWvohYrht/VDSO/0bO31ZyMcWKxQ==,Le3cK3mFcHKoz6Idl728RAN1TxCrqueToXy3/snWTwQ=,DGf9sSa2Sziebkf9smqoqw==
QR RECEIVED 1@AgoWorJx9pm29jtR+V6gz0xn3uge9KnRroxd66ZLTm413nLdWOLC3EkXuo9YSFEuMQISpEY5ry+nFg==,5VcAxOt80PlZhnWWS7RzWkxkjVpLoVC8GyT7DSR/pgU=,H3nlhiimybIufnI2n1GjYA==
QR RECEIVED 1@DBwDxxkh6YYIYMeOBS7i7AIF6ZgHptAdqG4sYrFUnkUgEntqMLEG65uagUBoUdtuR9goYXENexZ5Qw==,Qzroobzg85e/rOKNdyXIVZ3F0wYlhnotz+B0XpiUlAE=,DAlFfqQ4Mqnn59mj8hJk5w==
QR RECEIVED 1@cdnDBgmAuuMOZhfoTioc3bgmTCSu7im27Et9KpdUsWaSMjKubZ9YofuzBQfQIlwgjwCpd7137O5vpQ==,xp9sBaIMHMV5+ef9KYD6CxLaZOZCVlcX9MI7C3pJRyk=,KczUWhv4R6OcUp0rOzwfmA==
QR RECEIVED 1@fJylqPcwElusckeTifD/AD4OjCeZf1vOfIwy8LBaRv67OQCV6YgAGfAClCuzVhwjPLhgI/Um4GbAbA==,5PmIG/St6tNwUhESI2JUNSAkdhqnt/DK9CP4jPnuckw=,XV5mFoko+cWA9214GOByEw==
QR RECEIVED 1@oKhe1/hIOHmrBp1ErbI4DN6cj7yysYN+qLUaFUoVhedqOvoXd3e3U5U7CIpaVs61Wec16/tErc7tjw==,rljLCFr1MJRjAoesiV24KFpinoyaYFi2U5HoCSOPcS4=,MYjBzkisFlGL0twrwxgq/A==
QR RECEIVED 1@I71QJsNqGThp4GvG8OcVpmQ444Cf32bl6DqPVPkOShqRwcfbvGoUKok1ZWi0s0SIPjzxXEFDV5yMRg==,du43c3n82KYSZj0i4My8nT1u2R8Rvx052FH8ipbHNVg=,ZE8V5b83iAp+dOjdweB06Q==
QR RECEIVED 1@zAE2r2PZiWkaG2v/GApqBP9X14EJrOpUsVhcbWRpAmm3hZZCihNKhYEZ9kzaz25XP/ZaBUkz8GtUwg==,yTAMrZ12EQZyB/Z5x2/fDSrlWkocVklzFhEVMjAuKUQ=,zZkcNLwPgGS4p1SvQDK1Wg==
QR RECEIVED 1@rmakK3uvziga5bCZluo/38p3BLVOSTCRlqwECgh+p57Maemz7JK/bNMiOKCtNhppkeLW3oyyxvLQ0w==,wkaynJn0hV6pQZ9ZCxj1EmE83GHfIhZKQbrxrEPqsUo=,WrPMZmQtyOh2mAusTUgC/Q==
QR RECEIVED 1@EOcZRDoZTLhQHEjFO/5IWBBHwH5v07BQu+OxnPrqI+V/JcoPkLf4DzrBuQDSUgi2LiWB33QFTyoHqQ==,Le3cK3mFcHKoz6Idl728RAN1TxCrqueToXy3/snWTwQ=,DGf9sSa2Sziebkf9smqoqw==
QR RECEIVED 1@IQ4ocyWPDpUZis1h0GUF10ZWT0WKeHITym5klBdJojk/hVNBGk0EqoUgM/c/O3iGmx16QJU5Pd/5WA==,5VcAxOt80PlZhnWWS7RzWkxkjVpLoVC8GyT7DSR/pgU=,H3nlhiimybIufnI2n1GjYA==
QR RECEIVED 1@0BShvf9DUUmihkeYeuJN7qXSdZsL1HOmx6JNSvUxA8qsBPb1BK1KhUwx47OPRjyd1AduZ3yfHALaYw==,Qzroobzg85e/rOKNdyXIVZ3F0wYlhnotz+B0XpiUlAE=,DAlFfqQ4Mqnn59mj8hJk5w==
QR RECEIVED 1@UepIUycE2yQanfKODNDAK5ldQnxhNaA6qUwAI5afz3yhurPIn3VkAVJ8yEL7k4exN0wFAvD6V5Dbog==,5PmIG/St6tNwUhESI2JUNSAkdhqnt/DK9CP4jPnuckw=,XV5mFoko+cWA9214GOByEw==
QR RECEIVED 1@umLlkME4iMfvC1gG8s0hnOCMzTpl1VzbNxy3EQJ9wFxjI59oUBpE9ppWPVpH8NRbKbc0BSwxPmMsNQ==,xp9sBaIMHMV5+ef9KYD6CxLaZOZCVlcX9MI7C3pJRyk=,KczUWhv4R6OcUp0rOzwfmA==
QR RECEIVED 1@VzEmsvqqtwRpjbs2aHgUECPdOhcYeLitwOmD+15xuxd2qZEy9oxlxpanRfTD0CQtMpNdvLK3VSziMQ==,rljLCFr1MJRjAoesiV24KFpinoyaYFi2U5HoCSOPcS4=,MYjBzkisFlGL0twrwxgq/A==
QR RECEIVED 1@j4eEsjdi1jH7s+2rc4b5w+fu+8Z7Z3oc9heBnMXYGjVnmJHNW+0neeLz8b2BDpfKph9Fhx/k1ZY/Qw==,du43c3n82KYSZj0i4My8nT1u2R8Rvx052FH8ipbHNVg=,ZE8V5b83iAp+dOjdweB06Q==
QR RECEIVED 1@zAE2r2PZiWkaG2v/GApqBP9X14EJrOpUsVhcbWRpAmm3hZZCihNKhYEZ9kzaz25XP/ZaBUkz8GtUwg==,yTAMrZ12EQZyB/Z5x2/fDSrlWkocVklzFhEVMjAuKUQ=,zZkcNLwPgGS4p1SvQDK1Wg==
QR RECEIVED 1@YG7YsTa1o2pb9XgxV0s4lrfIB+bNntykS24kesWcZXkhHxQi2AbKMUYj3VEmJL9F8H68jriNbLuC+A==,wkaynJn0hV6pQZ9ZCxj1EmE83GHfIhZKQbrxrEPqsUo=,WrPMZmQtyOh2mAusTUgC/Q==
QR RECEIVED 1@wuc0amAk7HnjAb4heACdRhsNs819NRNLmecfX1IGTZ5NNhGg7joIJo65iGvkl1NdqkwC8CjozmA33Q==,Le3cK3mFcHKoz6Idl728RAN1TxCrqueToXy3/snWTwQ=,DGf9sSa2Sziebkf9smqoqw==
QR RECEIVED 1@DJRJ88EgP/YKLV1yehotEbEKoa3X56XcOJ14qG4rZZSIYK3afEPaSOe+JFgqReTaQLoVjC4LM1zL1w==,5VcAxOt80PlZhnWWS7RzWkxkjVpLoVC8GyT7DSR/pgU=,H3nlhiimybIufnI2n1GjYA==
QR RECEIVED 1@aZaqB5MgabPaBAX/EWYYPgkLAdlwRtfIiO3yQFa/OUw3rqUS0ATGarldmL9z0bTGJRIDUYhJ3L4SuQ==,Qzroobzg85e/rOKNdyXIVZ3F0wYlhnotz+B0XpiUlAE=,DAlFfqQ4Mqnn59mj8hJk5w==
QR RECEIVED 1@qh033ZM8fmxtgANQAJpr35KdMZTpZP7NsxaDsBgGCcihsxL3FB55Z8d7B242ClOWVYufOHrJt7xp4w==,5PmIG/St6tNwUhESI2JUNSAkdhqnt/DK9CP4jPnuckw=,XV5mFoko+cWA9214GOByEw==
QR RECEIVED 1@RThK/SGHYSEM5EfEJKDI7c0nM48xWNulqbIOhjZXRKX4/WuHL3PccoK+pxX6Z5oCrXOiFaCqyFnoUg==,xp9sBaIMHMV5+ef9KYD6CxLaZOZCVlcX9MI7C3pJRyk=,KczUWhv4R6OcUp0rOzwfmA==
QR RECEIVED 1@OE63wkaMkOJKbLriNtYK4M0I5d3VGbJkLTvu2BUxWwZdxrjh3PT4DLDVhsD3EHYcb6xdUtYjA/fE6A==,rljLCFr1MJRjAoesiV24KFpinoyaYFi2U5HoCSOPcS4=,MYjBzkisFlGL0twrwxgq/A==
QR RECEIVED 1@ayapRpJ0J5VftHQ/VoVy3egk8tNyn1CaJRcFhVPpYU685bOhRuJlqmcr29ZH2T+nEkrsMkcf7YZSRg==,du43c3n82KYSZj0i4My8nT1u2R8Rvx052FH8ipbHNVg=,ZE8V5b83iAp+dOjdweB06Q==
QR RECEIVED 1@7KPPWIfVolQBM0Ru09JXZ4FbigLGis8Qa7idAlj/wuRBmXWUO/afulbMRtlTCiHsV0iGdy2iTurjRw==,yTAMrZ12EQZyB/Z5x2/fDSrlWkocVklzFhEVMjAuKUQ=,zZkcNLwPgGS4p1SvQDK1Wg==
QR RECEIVED 1@MljicaV0VuBwQ2BQDNr5gw9SiSrdWdc7RXW9JNaDyOlijJN0Pr/fpV+KXGzrbbmIGkirAKxLM3IhtQ==,wkaynJn0hV6pQZ9ZCxj1EmE83GHfIhZKQbrxrEPqsUo=,WrPMZmQtyOh2mAusTUgC/Q==
QR RECEIVED 1@Hjcpx5Jftw+3K7RGPkcmhcGurTU2Vif0mzIMTk7LstOzFzoUHWLJdfW9LSUxB+7OXNIKq6Yf2RAVTA==,Le3cK3mFcHKoz6Idl728RAN1TxCrqueToXy3/snWTwQ=,DGf9sSa2Sziebkf9smqoqw==
QR RECEIVED 1@/1At/McUcJWzfoeSmOUvh9JIlhuWwm75FDElUQvUzQW11abgH3giFA/3a2n1DN7ukGyIOyroAW/FPw==,5VcAxOt80PlZhnWWS7RzWkxkjVpLoVC8GyT7DSR/pgU=,H3nlhiimybIufnI2n1GjYA==
QR RECEIVED 1@tdecUJFQsE3OnpnGJh2wrTG3DhZRrY2lBtN3HVm2R8O4BtoqdzzhLEP1N9dpJbfDS1yM0Hi23voorA==,Qzroobzg85e/rOKNdyXIVZ3F0wYlhnotz+B0XpiUlAE=,DAlFfqQ4Mqnn59mj8hJk5w==
QR RECEIVED 1@XE5gWZC76tm5/1QCtzvuMIDu+hafURDXj+cYcVlLqYvlCCop03sSlorvCS6CKADd++fCatRDv4CogQ==,xp9sBaIMHMV5+ef9KYD6CxLaZOZCVlcX9MI7C3pJRyk=,KczUWhv4R6OcUp0rOzwfmA==
QR RECEIVED 1@NEM4/nEijM/dTwOkWAzzl/joKxjmvSa+p7ZM33ooKvzbKiYYjhZ+MtrkZQg+lxOGgku9ilztAR8GUQ==,5PmIG/St6tNwUhESI2JUNSAkdhqnt/DK9CP4jPnuckw=,XV5mFoko+cWA9214GOByEw==
QR RECEIVED 1@AR+nf7lC/Igc3WqK8Mx2RDLZIyrfi/pYHrxm4m+6EL7N8aT5XHxIf9OszBt/invOJ3awnyX5TCzyVg==,rljLCFr1MJRjAoesiV24KFpinoyaYFi2U5HoCSOPcS4=,MYjBzkisFlGL0twrwxgq/A==
QR RECEIVED 1@w8LKon7989Y2ziWyufjdbkejKUdxuXufV/dmn/jZdNPklISMIDqiRyvbFgDsNNKdHcTBWYMHOUHrjQ==,du43c3n82KYSZj0i4My8nT1u2R8Rvx052FH8ipbHNVg=,ZE8V5b83iAp+dOjdweB06Q==
QR RECEIVED 1@8SasMEaCqUILU6cicRXzlYjFGm78TAhzyXKXhD9Z1fH5W7Q4wuMhJkKLRCRRmDqmJj4rLH+FQNKNKA==,yTAMrZ12EQZyB/Z5x2/fDSrlWkocVklzFhEVMjAuKUQ=,zZkcNLwPgGS4p1SvQDK1Wg==
QR RECEIVED 1@MljicaV0VuBwQ2BQDNr5gw9SiSrdWdc7RXW9JNaDyOlijJN0Pr/fpV+KXGzrbbmIGkirAKxLM3IhtQ==,wkaynJn0hV6pQZ9ZCxj1EmE83GHfIhZKQbrxrEPqsUo=,WrPMZmQtyOh2mAusTUgC/Q==
QR RECEIVED 1@iSUl8vd7TlaO0RAoV1mGlD1vRX8Mh9ebJ0yUAj7mh/Krq2R+YOIR7Iu+WU/xonwNxZUM2coq6AqOfg==,Le3cK3mFcHKoz6Idl728RAN1TxCrqueToXy3/snWTwQ=,DGf9sSa2Sziebkf9smqoqw==
QR RECEIVED 1@/1At/McUcJWzfoeSmOUvh9JIlhuWwm75FDElUQvUzQW11abgH3giFA/3a2n1DN7ukGyIOyroAW/FPw==,5VcAxOt80PlZhnWWS7RzWkxkjVpLoVC8GyT7DSR/pgU=,H3nlhiimybIufnI2n1GjYA==
QR RECEIVED 1@tdecUJFQsE3OnpnGJh2wrTG3DhZRrY2lBtN3HVm2R8O4BtoqdzzhLEP1N9dpJbfDS1yM0Hi23voorA==,Qzroobzg85e/rOKNdyXIVZ3F0wYlhnotz+B0XpiUlAE=,DAlFfqQ4Mqnn59mj8hJk5w==
QR RECEIVED 1@sEpnZlYN5qF9aderhwMtfkP640znDj9Dezuv0zZ6one2C5XLqmBYpOIa9V2kCLePYtrOAWiEcU5Mug==,xp9sBaIMHMV5+ef9KYD6CxLaZOZCVlcX9MI7C3pJRyk=,KczUWhv4R6OcUp0rOzwfmA==
QR RECEIVED 1@j4tpskHqH5iBx28Mv/RsAsDTg83zk1CRYQgvji2FtB7DuIcgDsUkMT7rO6aKvjApkNXR6mVk7+G0LQ==,5PmIG/St6tNwUhESI2JUNSAkdhqnt/DK9CP4jPnuckw=,XV5mFoko+cWA9214GOByEw==
QR RECEIVED 1@AR+nf7lC/Igc3WqK8Mx2RDLZIyrfi/pYHrxm4m+6EL7N8aT5XHxIf9OszBt/invOJ3awnyX5TCzyVg==,rljLCFr1MJRjAoesiV24KFpinoyaYFi2U5HoCSOPcS4=,MYjBzkisFlGL0twrwxgq/A==
QR RECEIVED 1@w8LKon7989Y2ziWyufjdbkejKUdxuXufV/dmn/jZdNPklISMIDqiRyvbFgDsNNKdHcTBWYMHOUHrjQ==,du43c3n82KYSZj0i4My8nT1u2R8Rvx052FH8ipbHNVg=,ZE8V5b83iAp+dOjdweB06Q==
QR RECEIVED 1@Iftkdh70ZsRMAMLYQ36dReXkcZI3dNsTZotuLH60BF3TloJBCI0/ge0x35pvkxo5sJ7U8EsTfsisFw==,yTAMrZ12EQZyB/Z5x2/fDSrlWkocVklzFhEVMjAuKUQ=,zZkcNLwPgGS4p1SvQDK1Wg==
QR RECEIVED 1@KeL1nY5H8AvS1H9p7Zv6pX5htu6VYIe6bDLB205cUMo9PJnKw9jbvOGeFK6s530cvWs2rLF8+AV6Ng==,wkaynJn0hV6pQZ9ZCxj1EmE83GHfIhZKQbrxrEPqsUo=,WrPMZmQtyOh2mAusTUgC/Q==
QR RECEIVED 1@3m7Cat3Vfpt5VUNtOn3g7FCNfU1ux5Igx77H/+1iP93qQqJ8Gv1wCj/K4mp5Hp9yKPG6d3UM3tBkpg==,Le3cK3mFcHKoz6Idl728RAN1TxCrqueToXy3/snWTwQ=,DGf9sSa2Sziebkf9smqoqw==
QR RECEIVED 1@/bBdsGoDKcHU2iLK39zK8xI9YpjRJhbzNjzjdta+mx9Ep3mSRRpDJC0BmhXBbvWsgNRaHyAnZWTOzA==,5VcAxOt80PlZhnWWS7RzWkxkjVpLoVC8GyT7DSR/pgU=,H3nlhiimybIufnI2n1GjYA==
QR RECEIVED 1@b1jwBBwI3vhDrhreawt/ZHJBxq72rQgvDlKUgzujbfHIZwj156vHqpAGxCfCbdor/LacADH1OBU9Mw==,Qzroobzg85e/rOKNdyXIVZ3F0wYlhnotz+B0XpiUlAE=,DAlFfqQ4Mqnn59mj8hJk5w==
QR RECEIVED 1@R/DynFMXoc/pATVtCvFGLcs9PShkk5dszme/r+75pdbXElzd98a9e2Q3RZRS5U6akxsuwiXgmHO3EQ==,xp9sBaIMHMV5+ef9KYD6CxLaZOZCVlcX9MI7C3pJRyk=,KczUWhv4R6OcUp0rOzwfmA==
QR RECEIVED 1@CRosU0EWML8Nt8yXip1xjWMWpO48KZpu00wW4WmWrh7cGnYy++3xsYwlrtuxFUu1SDi9XEz2033rxA==,5PmIG/St6tNwUhESI2JUNSAkdhqnt/DK9CP4jPnuckw=,XV5mFoko+cWA9214GOByEw==
QR RECEIVED 1@R3qSYQFPzQHBBnVZ/4lBL//SG5qBsOUiPB/gkwGGjxmSP0WbNOMbDfeD9GbEjW7ealQE4NbIoGQ0dg==,rljLCFr1MJRjAoesiV24KFpinoyaYFi2U5HoCSOPcS4=,MYjBzkisFlGL0twrwxgq/A==
QR RECEIVED 1@vwmMStMp9adJuEtrQkI+offvDvuvlm2hs3wwsIL4xzZvjfweCdK12hYHfxCuSr/pibA8iZMPlUey2w==,du43c3n82KYSZj0i4My8nT1u2R8Rvx052FH8ipbHNVg=,ZE8V5b83iAp+dOjdweB06Q==
QR RECEIVED 1@8PeMiN8g5GPYvdXdThjzHlPOJOaXEIUO84n6W7175iA8soZrirKOFAKsaaLA3ziu3ZbsB+h6uSGM+g==,yTAMrZ12EQZyB/Z5x2/fDSrlWkocVklzFhEVMjAuKUQ=,zZkcNLwPgGS4p1SvQDK1Wg==
QR RECEIVED 1@OkY3hqjk8yRcoqaHHR2SX1Bh+VcavSulfH7kReihJ/TBwodukPnOaJfiAySxAAJz4Z+Sy3m5TXR13A==,wkaynJn0hV6pQZ9ZCxj1EmE83GHfIhZKQbrxrEPqsUo=,WrPMZmQtyOh2mAusTUgC/Q==
QR RECEIVED 1@ISXr87nl8DlIZbOgXrC/6KrpzrhKKdHYZgsXq1tkPeDwV0P8d65KhHjgUPxBC62Hlp+NY387xt6pVg==,Le3cK3mFcHKoz6Idl728RAN1TxCrqueToXy3/snWTwQ=,DGf9sSa2Sziebkf9smqoqw==
QR RECEIVED 1@AU6wxM2fc/ZK+/apcNPJkglb2oGTn3se3eRq7vWeLw1Z67dUEsZH1l8lLiMgKTmMEdq/KzDJDxHDxA==,5VcAxOt80PlZhnWWS7RzWkxkjVpLoVC8GyT7DSR/pgU=,H3nlhiimybIufnI2n1GjYA==
QR RECEIVED 1@a9Txg9tuy1Tkb4eur7kbu3js76LnP4vDIkL3pHt8B8L2HL4dzF0ia26OimZOErIJPtLTS9uVCkHPpw==,Qzroobzg85e/rOKNdyXIVZ3F0wYlhnotz+B0XpiUlAE=,DAlFfqQ4Mqnn59mj8hJk5w==
QR RECEIVED 1@v3G5rctUCoqadt0HIT2/KSoe1Jr+jCVGVDgvfzmNcz5YZHo6s+y5FSzI4fZnKNX2rR+mtaDIii3gZA==,xp9sBaIMHMV5+ef9KYD6CxLaZOZCVlcX9MI7C3pJRyk=,KczUWhv4R6OcUp0rOzwfmA==
QR RECEIVED 1@6BEgrt7l5aOeto4nzFDUSfybzxSlegvIidrTEe8BZJCVpzJT8Hcib/WInSP5tcC8AYOMrpm93Hwpow==,5PmIG/St6tNwUhESI2JUNSAkdhqnt/DK9CP4jPnuckw=,XV5mFoko+cWA9214GOByEw==
QR RECEIVED 1@sKKhtqxXLu5ydg68dTbAxl0jubc9JHPWxrdEGV3F43Dl+1HDJpx316pLxJ2aCuLC6b7EZdVNXL3C8g==,du43c3n82KYSZj0i4My8nT1u2R8Rvx052FH8ipbHNVg=,ZE8V5b83iAp+dOjdweB06Q==
QR RECEIVED 1@PN9BvCtC7JJe9EnKT8TKg+Ap0RryDVvbtDrG8olkK2HDHPTCw8avBOEub6q8xCvqrhpJWrZGu1c7FA==,rljLCFr1MJRjAoesiV24KFpinoyaYFi2U5HoCSOPcS4=,MYjBzkisFlGL0twrwxgq/A==
QR RECEIVED 1@KmYat/udy/fBl15sUhsJ/elRdpMRny5jBp1whKyxMufC6hC7dOnvWPGTPv/4MAWxhqzDGJjw7o/gQQ==,yTAMrZ12EQZyB/Z5x2/fDSrlWkocVklzFhEVMjAuKUQ=,zZkcNLwPgGS4p1SvQDK1Wg==
QR RECEIVED 1@vnn1+upSKOpuMHSF/+vqXNM8iaJG7LdTbWGRJw3W2Qbgz09BlngoOdM7NrqYT7K/s1wDIqtcrl3ocw==,wkaynJn0hV6pQZ9ZCxj1EmE83GHfIhZKQbrxrEPqsUo=,WrPMZmQtyOh2mAusTUgC/Q==
QR RECEIVED 1@czUALyfUFS7+pxvi5YyhRrGgoP/mlnkDflv+WnCKSvkTHoAaus/I1nLsU6ANa9Uo0pVzHhv9zq7+/A==,Le3cK3mFcHKoz6Idl728RAN1TxCrqueToXy3/snWTwQ=,DGf9sSa2Sziebkf9smqoqw==
QR RECEIVED 1@if2QUZsXSkp2oEKrIlTW6GqzpDLQ1OXUt2u1WAed0h4gCvUr0fHFMNbFwXtw8wlJdKnCKGRXYTwo8Q==,5VcAxOt80PlZhnWWS7RzWkxkjVpLoVC8GyT7DSR/pgU=,H3nlhiimybIufnI2n1GjYA==
QR RECEIVED 1@U56CnAflM658uH8SpwWVeQslGhKp7U7NmANfjhJQ17KHtiB2LV0480HjtpEZ6ik38UiQuL3xq4H5Lg==,Qzroobzg85e/rOKNdyXIVZ3F0wYlhnotz+B0XpiUlAE=,DAlFfqQ4Mqnn59mj8hJk5w==
QR RECEIVED 1@u2Z3m2ykDAIBurRMd7NAG/37yEqYrHyoUXkF1S9SIaMUjCpqAqA/RSWY2ePeAaKH2lBMJCXSwy3wNg==,xp9sBaIMHMV5+ef9KYD6CxLaZOZCVlcX9MI7C3pJRyk=,KczUWhv4R6OcUp0rOzwfmA==
QR RECEIVED 1@+0sMvVvm9oUYiJLErQDTOwk1sm3bpaH0vOu4RHV7Di9zN1leCOU9e8DC2PbGEZkehhCNZi1YAu3flQ==,5PmIG/St6tNwUhESI2JUNSAkdhqnt/DK9CP4jPnuckw=,XV5mFoko+cWA9214GOByEw==
QR RECEIVED 1@ZcehMpzxsAsjLRfb+IS/zKRPqGrqOh0Sw+T8y4PKA/Ym/RGWUdK22ic5hh4NPQF9ojW7afIEgxA5lQ==,du43c3n82KYSZj0i4My8nT1u2R8Rvx052FH8ipbHNVg=,ZE8V5b83iAp+dOjdweB06Q==
QR RECEIVED 1@VfQO2ZBa5772WEcuTpu4S8dzXnmlTQE0psNzxkR0IVgYmDEseKJetWre+1wnk3Yi87rnXiNcyBfokw==,rljLCFr1MJRjAoesiV24KFpinoyaYFi2U5HoCSOPcS4=,MYjBzkisFlGL0twrwxgq/A==
QR RECEIVED 1@KmYat/udy/fBl15sUhsJ/elRdpMRny5jBp1whKyxMufC6hC7dOnvWPGTPv/4MAWxhqzDGJjw7o/gQQ==,yTAMrZ12EQZyB/Z5x2/fDSrlWkocVklzFhEVMjAuKUQ=,zZkcNLwPgGS4p1SvQDK1Wg==
QR RECEIVED 1@naOFiMMNvdmWzT6J2APoeAP2lOne520USslD5g7mh5OpEWlKDoItbj2gA8No8remlprJCcCtLxBPbg==,wkaynJn0hV6pQZ9ZCxj1EmE83GHfIhZKQbrxrEPqsUo=,WrPMZmQtyOh2mAusTUgC/Q==
QR RECEIVED 1@bhE8k/AqftQbpS72CiLkq1xBf6qg/qnAdzZD5OonpOnXZ/Q7/OmnpTKlM7tocjA5rgX+u1eUrHxC/w==,Le3cK3mFcHKoz6Idl728RAN1TxCrqueToXy3/snWTwQ=,DGf9sSa2Sziebkf9smqoqw==
QR RECEIVED 1@Ib9JYipm2JKIjd7mJWUEPPDtpz6bbbllo0+Og8E0f8EPeV65MxETXsJCioK6nHao7JwO2QzHoQEtMQ==,5VcAxOt80PlZhnWWS7RzWkxkjVpLoVC8GyT7DSR/pgU=,H3nlhiimybIufnI2n1GjYA==
QR RECEIVED 1@wv+8dJriCFuJyN9vEq172vxKWY0Y4ZWGcO7lWAZCxbjfSb/V77tXL7d5kQI9l+DTAdJ09c6uaJBehA==,Qzroobzg85e/rOKNdyXIVZ3F0wYlhnotz+B0XpiUlAE=,DAlFfqQ4Mqnn59mj8hJk5w==
QR RECEIVED 1@UPtLBSz6OrGhWN7AFg5wBm7OvIHhPRkeAVVyYES2HnXEwR3QtQddjDV4lnMWFBq/Bhu0AbyxOiItCA==,5PmIG/St6tNwUhESI2JUNSAkdhqnt/DK9CP4jPnuckw=,XV5mFoko+cWA9214GOByEw==
QR RECEIVED 1@UinSz6R5a9WoTTGgelgPpJhXfCNgz9fjacoMgvTs2g0Uc3buOb+Sy51k45Fq8W4KRs7nTMDQWlHdbw==,xp9sBaIMHMV5+ef9KYD6CxLaZOZCVlcX9MI7C3pJRyk=,KczUWhv4R6OcUp0rOzwfmA==
QR RECEIVED 1@Z30n9WjXelS9CBkq/7K+QfmNMj7zx0Vld1tYkaV0TrJ3mJfmjOeGcsBFh1d4E6AwCwSK2CqEUNaTAA==,du43c3n82KYSZj0i4My8nT1u2R8Rvx052FH8ipbHNVg=,ZE8V5b83iAp+dOjdweB06Q==
QR RECEIVED 1@WPtC3sNN9Tc9KxVocozgcOzsu5FsuO/HCOv7J4qOhuEkPeuKiDLfWQI9HnyG9auMcekeGfZBA9Ntww==,rljLCFr1MJRjAoesiV24KFpinoyaYFi2U5HoCSOPcS4=,MYjBzkisFlGL0twrwxgq/A==
QR RECEIVED 1@cKlnz7zdUNUNqbiO5rjRLfK2zwhNEww7kqk3+QznQzMF0MqAE6YNi5F/ij+NeNA1bxQ2k6ZktnMvdg==,yTAMrZ12EQZyB/Z5x2/fDSrlWkocVklzFhEVMjAuKUQ=,zZkcNLwPgGS4p1SvQDK1Wg==
QR RECEIVED 1@ovzIumy19DXLcSasWqtfjNm9gleDc4mUHPcKHJVtysxXW/iSJwJ1vqBS4XAYvKSEkIl9N8rhpAcokg==,wkaynJn0hV6pQZ9ZCxj1EmE83GHfIhZKQbrxrEPqsUo=,WrPMZmQtyOh2mAusTUgC/Q==
QR RECEIVED 1@yYORI6zRsE2bTEL8cRjrQ6/eafmcH2gGcnUkmecju9cYBSUxcsN9Xzn9X/cXm/hupoEvqCLBGWGn8g==,Le3cK3mFcHKoz6Idl728RAN1TxCrqueToXy3/snWTwQ=,DGf9sSa2Sziebkf9smqoqw==
QR RECEIVED 1@ZJIjuKWY7STNM/EZdw6GVVmiAHDMnFck+vPXVcI+clrlhv0R2SeOLhYO9S2X57PweUDE++gMR83qGQ==,5VcAxOt80PlZhnWWS7RzWkxkjVpLoVC8GyT7DSR/pgU=,H3nlhiimybIufnI2n1GjYA==
QR RECEIVED 1@RIU+16V4tj9lyL+ZIDR4aBfhDJRiw0xLaMKRky7YGkLgicg3EAf0VVeyZboWucAYX+wMDtmlJ90QAg==,Qzroobzg85e/rOKNdyXIVZ3F0wYlhnotz+B0XpiUlAE=,DAlFfqQ4Mqnn59mj8hJk5w==
QR RECEIVED 1@/oLuEvkWsyK/6jZAQf/g6lTJEHQdDD93YmfvfoxKwx0YTMzizdUMO6tW/blpXCYuJX4/sKn9Wodi2Q==,xp9sBaIMHMV5+ef9KYD6CxLaZOZCVlcX9MI7C3pJRyk=,KczUWhv4R6OcUp0rOzwfmA==
QR RECEIVED 1@NM5kcEMcdCr/p84g5JTMo20byoUjcLNayEhv3PVPsLdn1di/mhnmhkYn9nbHeWk02nFKiewRIEKTuA==,5PmIG/St6tNwUhESI2JUNSAkdhqnt/DK9CP4jPnuckw=,XV5mFoko+cWA9214GOByEw==
QR RECEIVED 1@bCnjDZO1j4Dq9Z0llROL4gwl8WiQ41NT4hxCvLFPU8fOHq34KbvIXKoYQZ/X5gEK/ammD7MLd2dc/A==,rljLCFr1MJRjAoesiV24KFpinoyaYFi2U5HoCSOPcS4=,MYjBzkisFlGL0twrwxgq/A==
QR RECEIVED 1@oeG1ZVgplVhlm3o5JMeY4HRCrjGkcDYph7obbv1tgl7D7pMiJeqejtennRPU3g3hWumxDfNuIqAuhg==,du43c3n82KYSZj0i4My8nT1u2R8Rvx052FH8ipbHNVg=,ZE8V5b83iAp+dOjdweB06Q==
QR RECEIVED 1@V8TrR0UKz+zhx527+CEeXc0+x1cYs78FO2GpMHwAfcYf8RaBo2v7cENX5Q8Hi475z7U7H6HiRBu/HA==,yTAMrZ12EQZyB/Z5x2/fDSrlWkocVklzFhEVMjAuKUQ=,zZkcNLwPgGS4p1SvQDK1Wg==
QR RECEIVED 1@ovzIumy19DXLcSasWqtfjNm9gleDc4mUHPcKHJVtysxXW/iSJwJ1vqBS4XAYvKSEkIl9N8rhpAcokg==,wkaynJn0hV6pQZ9ZCxj1EmE83GHfIhZKQbrxrEPqsUo=,WrPMZmQtyOh2mAusTUgC/Q==
QR RECEIVED 1@yYORI6zRsE2bTEL8cRjrQ6/eafmcH2gGcnUkmecju9cYBSUxcsN9Xzn9X/cXm/hupoEvqCLBGWGn8g==,Le3cK3mFcHKoz6Idl728RAN1TxCrqueToXy3/snWTwQ=,DGf9sSa2Sziebkf9smqoqw==
QR RECEIVED 1@At0F0LGEjNslOLN9eDfYFyUlUasrscx4DuYCsYgs8WnbRynmayH0mPv/7oMUTDiYp+dzaHlhLQ3TYg==,5VcAxOt80PlZhnWWS7RzWkxkjVpLoVC8GyT7DSR/pgU=,H3nlhiimybIufnI2n1GjYA==
QR RECEIVED 1@kTvephRh8ueBuqbTB0u4x594HSAljWDBj1ESlvjYbd6iLVdtOHw/gc6C8LPe+I1dTsVKdMSzrpA1rw==,Qzroobzg85e/rOKNdyXIVZ3F0wYlhnotz+B0XpiUlAE=,DAlFfqQ4Mqnn59mj8hJk5w==
QR RECEIVED 1@NM5kcEMcdCr/p84g5JTMo20byoUjcLNayEhv3PVPsLdn1di/mhnmhkYn9nbHeWk02nFKiewRIEKTuA==,5PmIG/St6tNwUhESI2JUNSAkdhqnt/DK9CP4jPnuckw=,XV5mFoko+cWA9214GOByEw==
QR RECEIVED 1@/oLuEvkWsyK/6jZAQf/g6lTJEHQdDD93YmfvfoxKwx0YTMzizdUMO6tW/blpXCYuJX4/sKn9Wodi2Q==,xp9sBaIMHMV5+ef9KYD6CxLaZOZCVlcX9MI7C3pJRyk=,KczUWhv4R6OcUp0rOzwfmA==
QR RECEIVED 1@8I0MooyjT5W73S4LByVQpWCSBn4fjaDOrIS7Q3Dp0awc9C5MZ9UU2R3I/+OuDg5ddCDvTXhFgfQNBA==,rljLCFr1MJRjAoesiV24KFpinoyaYFi2U5HoCSOPcS4=,MYjBzkisFlGL0twrwxgq/A==
QR RECEIVED 1@oeG1ZVgplVhlm3o5JMeY4HRCrjGkcDYph7obbv1tgl7D7pMiJeqejtennRPU3g3hWumxDfNuIqAuhg==,du43c3n82KYSZj0i4My8nT1u2R8Rvx052FH8ipbHNVg=,ZE8V5b83iAp+dOjdweB06Q==
QR RECEIVED 1@/eAbaIL/38EtdVZUqczdiQdNVdTRdBbPKGTKPe7OiezRwNk7oMMU76G1eXQvgYC5xeYgsny+TtvLVg==,yTAMrZ12EQZyB/Z5x2/fDSrlWkocVklzFhEVMjAuKUQ=,zZkcNLwPgGS4p1SvQDK1Wg==
QR RECEIVED 1@p8IXU8LblWVHroicF6wVw7P5fKCHZ2A7JY+U7/XQFf+4KGKmV//lJxn1oQseSuC6z5uY+7BcK5zUvA==,wkaynJn0hV6pQZ9ZCxj1EmE83GHfIhZKQbrxrEPqsUo=,WrPMZmQtyOh2mAusTUgC/Q==
QR RECEIVED 1@u9wM36DES6Py7D20DPwj8YDWHI9ngsXXfwBjkubxa8NoEeRLOKCINcRKZeeAPEdaU3zEp7jqyQZlNA==,Le3cK3mFcHKoz6Idl728RAN1TxCrqueToXy3/snWTwQ=,DGf9sSa2Sziebkf9smqoqw==
QR RECEIVED 1@5OHdCzBqJhQFNyg7spAdpG0itDYkWjpwABcExrIV7zkfRY6IybIFRBP7touI9nfLcOeEfCnOrwiylQ==,5VcAxOt80PlZhnWWS7RzWkxkjVpLoVC8GyT7DSR/pgU=,H3nlhiimybIufnI2n1GjYA==
QR RECEIVED 1@AqVIiwJK/CdsSIuPoqYKgGuaa4nxka5Ak/RzhEAOGci+9BEukGVMhGIjgF1JloaQNZI0m87mYs2OOg==,Qzroobzg85e/rOKNdyXIVZ3F0wYlhnotz+B0XpiUlAE=,DAlFfqQ4Mqnn59mj8hJk5w==
QR RECEIVED 1@UdS68CgCTAf9iL10J5bcUm1GEYRDLutOOb3NuSPUI7YhEJivh2Kb1unFZb6cV4zfNiqa1140NcBRog==,5PmIG/St6tNwUhESI2JUNSAkdhqnt/DK9CP4jPnuckw=,XV5mFoko+cWA9214GOByEw==
QR RECEIVED 1@/hbtLuha5sYHwz/L8oks3iUV80zm+/MPqFyoZkIfVVD0BC+BfFDryCPlJogE85quMZ7neIbBv5RNYQ==,xp9sBaIMHMV5+ef9KYD6CxLaZOZCVlcX9MI7C3pJRyk=,KczUWhv4R6OcUp0rOzwfmA==
QR RECEIVED 1@K9f+93E//gzgCDwV/CYk9wb0wn2o2zLb9Py8wO9OnrNkD8Z1UVP5K29nXvL8oA7QosLhaLo1dbUnqQ==,du43c3n82KYSZj0i4My8nT1u2R8Rvx052FH8ipbHNVg=,ZE8V5b83iAp+dOjdweB06Q==
QR RECEIVED 1@dQgThIZeq7oh1rTv5GYhNR/GmIkhjtPu89XCa4W+vvbqKggGYA+sM68CNqwJ1rGTncnA5PuVbn6EkQ==,rljLCFr1MJRjAoesiV24KFpinoyaYFi2U5HoCSOPcS4=,MYjBzkisFlGL0twrwxgq/A==
QR RECEIVED 1@cOgM4S9TiDtPXV6vcWkOXKpFTTmKe85l71H3oQScbhQAYjIeFHoKagemXdnW2fIESSKvZ6AtG3UCsw==,yTAMrZ12EQZyB/Z5x2/fDSrlWkocVklzFhEVMjAuKUQ=,zZkcNLwPgGS4p1SvQDK1Wg==
QR RECEIVED 1@Aiobid5ZmR8D6wHsCBKBwOqmM4CWpmuyg4tBtdFgLctDdmaGO1eDN+RigdOXAA/1ketvTxUzLG0qyg==,wkaynJn0hV6pQZ9ZCxj1EmE83GHfIhZKQbrxrEPqsUo=,WrPMZmQtyOh2mAusTUgC/Q==
QR RECEIVED 1@QaWyuDm7A6n9Z6ROJiu1arK4h5V3unkszkcBNlQFeHZAvKRsIGHKIv0WVbrMm8nwkPoAI8OUNfvUxQ==,Le3cK3mFcHKoz6Idl728RAN1TxCrqueToXy3/snWTwQ=,DGf9sSa2Sziebkf9smqoqw==
QR RECEIVED 1@5j30nWy3yF+UyPjb6+77MXkZvfOW2n2V5mEb4iZKResFQi8HPsgKdGlxBl70kfrOd2sOyWTb9J03Kw==,5VcAxOt80PlZhnWWS7RzWkxkjVpLoVC8GyT7DSR/pgU=,H3nlhiimybIufnI2n1GjYA==
QR RECEIVED 1@IERQ1/V6oOrHjaXBUACBtZKii5vbGcDI1su7fhd75j8aneB8Y2DwPhn39qH+y+dEX5N1Bj/n1CqXiw==,Qzroobzg85e/rOKNdyXIVZ3F0wYlhnotz+B0XpiUlAE=,DAlFfqQ4Mqnn59mj8hJk5w==
QR RECEIVED 1@j6arWCcK9XHmKTI+BpBdPZbJgk4qz5v4C/7RT6SghDHizDdP1yN/qKgqPUYdryysxKHxe2P6meIa7w==,xp9sBaIMHMV5+ef9KYD6CxLaZOZCVlcX9MI7C3pJRyk=,KczUWhv4R6OcUp0rOzwfmA==
QR RECEIVED 1@enkd1f80Dqje44W/396sQEasD06dNMxqEh15pdCZdD9PcfUgkUfjnshI8MuNabKJitSyUmjHE7qy6g==,5PmIG/St6tNwUhESI2JUNSAkdhqnt/DK9CP4jPnuckw=,XV5mFoko+cWA9214GOByEw==
QR RECEIVED 1@aTnd0TfRII4xEck59a9dOU9s/ZCvEUhGbvrcYAgRjemiEqyW7zRPl8AF1hNMKUT+dR65KoL66KJKEw==,du43c3n82KYSZj0i4My8nT1u2R8Rvx052FH8ipbHNVg=,ZE8V5b83iAp+dOjdweB06Q==
QR RECEIVED 1@uz4W4x2pVaN2Go79hkFVdPHeiSu0FMeIFs2syXHMvY+Y4xP6rO7S1RH+i5gObYhDL0RnpE+8knAcaw==,rljLCFr1MJRjAoesiV24KFpinoyaYFi2U5HoCSOPcS4=,MYjBzkisFlGL0twrwxgq/A==
QR RECEIVED 1@meQ+BmA2xq38xu/w3TSHZ+t2k6bdC0WK5Umm6JWRgPcEJa1ZNmoRlBgirYUn3qZD0LdsIXYr1oq99A==,yTAMrZ12EQZyB/Z5x2/fDSrlWkocVklzFhEVMjAuKUQ=,zZkcNLwPgGS4p1SvQDK1Wg==
QR RECEIVED 1@wjQyTUEArcDxlzlLPsLjnTZQUaCRI1Ql/kaPeGFG6W/Zzq9/pnOI7HjPdl8C9UB9cmvdo4E8XkJ5zg==,wkaynJn0hV6pQZ9ZCxj1EmE83GHfIhZKQbrxrEPqsUo=,WrPMZmQtyOh2mAusTUgC/Q==
QR RECEIVED 1@PVIGn+pM+OyMSssKq25JKlvIuj7Gn56seMN5T1CGFirgtf95oHQ8pBYT3kMeXosKlCpvtfHqhnePAA==,Le3cK3mFcHKoz6Idl728RAN1TxCrqueToXy3/snWTwQ=,DGf9sSa2Sziebkf9smqoqw==
QR RECEIVED 1@CGop7AwppOiEkXd+s9C9g7/eiGzFB1h8qfcLYkgjcRj7QJhEGeJ0HsR5ZlvWzbdAyJ1WSxi6qz3ugg==,5VcAxOt80PlZhnWWS7RzWkxkjVpLoVC8GyT7DSR/pgU=,H3nlhiimybIufnI2n1GjYA==
QR RECEIVED 1@9Cdi1811utZSMpSMMzGTB197DM6vRznjTQeh2swVw+RzMuXtYSNOvdkGbs+0c49wiK1o1Ebm6g38nQ==,Qzroobzg85e/rOKNdyXIVZ3F0wYlhnotz+B0XpiUlAE=,DAlFfqQ4Mqnn59mj8hJk5w==
QR RECEIVED 1@9dIpLU3/HtH9ImGY31Eea8/1ll2v1iuCGs+5OWTkB7nX8G+dKA8/ezhj1PheaIdjWlSALyd8NYuivA==,5PmIG/St6tNwUhESI2JUNSAkdhqnt/DK9CP4jPnuckw=,XV5mFoko+cWA9214GOByEw==
QR RECEIVED 1@8scTmnJM0af7H9Hkd+Yd33d/uhtVICX71HcY+tZQK+LFxU0ya8UAt24HRTIzBWslhxwFmFNxdcpiDg==,xp9sBaIMHMV5+ef9KYD6CxLaZOZCVlcX9MI7C3pJRyk=,KczUWhv4R6OcUp0rOzwfmA==
QR RECEIVED 1@7b01R1mNnfOYcgQuqoJWHMidQacggddBykLDUu1mBwO4qf07zsB8RuK89mKEF3HjNUSVa0Ua1zlciQ==,du43c3n82KYSZj0i4My8nT1u2R8Rvx052FH8ipbHNVg=,ZE8V5b83iAp+dOjdweB06Q==
QR RECEIVED 1@41ygEsluOlzIgUj1nClNzVHBFSdxsMjY0AN+QfZOwY2J0/9BRs/FZDhlg+Vlhc1NQDSFruD+wFuZEw==,rljLCFr1MJRjAoesiV24KFpinoyaYFi2U5HoCSOPcS4=,MYjBzkisFlGL0twrwxgq/A==
QR RECEIVED 1@JvJpPAOEaGQD8xAnsRekM2HypUXINiaZqxJ2MdIeUBZcLo2GJyLFyXSDPSzbWttllC6I5SQtnLkTsA==,yTAMrZ12EQZyB/Z5x2/fDSrlWkocVklzFhEVMjAuKUQ=,zZkcNLwPgGS4p1SvQDK1Wg==
QR RECEIVED 1@rrnyml4OGxMf+EzcjsLMH/AfULRBmE1r2jdDLB6CbtAFF4RLzw9cxt2xth4t1NJtWN/vfnJyqknpIw==,wkaynJn0hV6pQZ9ZCxj1EmE83GHfIhZKQbrxrEPqsUo=,WrPMZmQtyOh2mAusTUgC/Q==
QR RECEIVED 1@ZvtCJume1QwOWuiRGPct+77uVPZh/N73198dgGWq8Wk8sG5xWhhjBwsOHnJsWvMiFX3chBKRepLhAQ==,Le3cK3mFcHKoz6Idl728RAN1TxCrqueToXy3/snWTwQ=,DGf9sSa2Sziebkf9smqoqw==
QR RECEIVED 1@BTaXi//gNJBYwWkosPFgdQkd4QTAnbgnGpYnDVR3I6nESNEbcZJrfnD2Nq72q2crMpGsp9mMde2uHQ==,5VcAxOt80PlZhnWWS7RzWkxkjVpLoVC8GyT7DSR/pgU=,H3nlhiimybIufnI2n1GjYA==
QR RECEIVED 1@2DH7zTIkBkPZ8cttKwP8h87fq0K5Vy0KOQqZXqaAMTg3p6c4MBYuc9w7oAHaC3on5+Hv/ZJWb0lLzQ==,Qzroobzg85e/rOKNdyXIVZ3F0wYlhnotz+B0XpiUlAE=,DAlFfqQ4Mqnn59mj8hJk5w==
QR RECEIVED 1@Fa3wutIeMkVCLgTF+7iXtVzNmNSzXlyiXMgltYHLA5i2cBHbJQXW3mQft6hhuYU8sipSDp0VQcvU1g==,5PmIG/St6tNwUhESI2JUNSAkdhqnt/DK9CP4jPnuckw=,XV5mFoko+cWA9214GOByEw==
QR RECEIVED 1@W4wNLn9F2Ju0hzQs24Oe9tQkpLKboFunAWr2WWh7yuvIcCyEBF3PB37kk1oQnS+Ax0eIwwSwIBTONw==,xp9sBaIMHMV5+ef9KYD6CxLaZOZCVlcX9MI7C3pJRyk=,KczUWhv4R6OcUp0rOzwfmA==
QR RECEIVED 1@y+ea3QUsc/KDudHS+oT1/5/k00Uj7TZFMimpAhw03Sr2NCuve1crISlwONM0/x7GLideQ5wSNHrV0w==,du43c3n82KYSZj0i4My8nT1u2R8Rvx052FH8ipbHNVg=,ZE8V5b83iAp+dOjdweB06Q==
QR RECEIVED 1@UqD4jejkH+BYwMCLvxJ46kKmbq8RVT0F6P7smevnXn5sS8pB2/MCxt/J1UaQfnpxnL6lTwm8N6TMMA==,rljLCFr1MJRjAoesiV24KFpinoyaYFi2U5HoCSOPcS4=,MYjBzkisFlGL0twrwxgq/A==
QR RECEIVED 1@WOwBi+r/Alpj7nm73QvkQgGGBfkfquzKTxRx32XXGW7Idnal5VcuO/rOd6IRvvmGPsrxe3oU20pGww==,yTAMrZ12EQZyB/Z5x2/fDSrlWkocVklzFhEVMjAuKUQ=,zZkcNLwPgGS4p1SvQDK1Wg==
QR RECEIVED 1@clxJKClOSG9297oZ84p3U5lVoc+VA6bol+2BmglT9JJc3k6OuesZ768GVliAyfhgrePiZGeOGVr0pg==,wkaynJn0hV6pQZ9ZCxj1EmE83GHfIhZKQbrxrEPqsUo=,WrPMZmQtyOh2mAusTUgC/Q==
QR RECEIVED 1@DGk07LUzZKo/KnrNYwKkAM8VEMj9itcIpJ72HprVBffbjvh37/Ei75YY/e85fGhWrvIDwV7gIpvT7A==,Le3cK3mFcHKoz6Idl728RAN1TxCrqueToXy3/snWTwQ=,DGf9sSa2Sziebkf9smqoqw==
QR RECEIVED 1@4VczEwYuh/wPkgOMh6iQNQinwAfubuYuD/SS0TMpiBAZYWQrMSy1YJligJ0sai3UfPVl9YuaMAqxtg==,5VcAxOt80PlZhnWWS7RzWkxkjVpLoVC8GyT7DSR/pgU=,H3nlhiimybIufnI2n1GjYA==
QR RECEIVED 1@X0JrqC45SRHIeNwEJo0PYYlfTOOXsEjzvd9npx+NhvUfRJb5dMSKJAFXyCny9w5GYTn+86ByoksvDw==,Qzroobzg85e/rOKNdyXIVZ3F0wYlhnotz+B0XpiUlAE=,DAlFfqQ4Mqnn59mj8hJk5w==
QR RECEIVED 1@P0nwUQfn/qJVXYBuwD4JbH8yyUcz6sfcCpD11CbuUEQgiHe+ozIztlYB6s5s6J1D8BLsxeJGTCOVcg==,5PmIG/St6tNwUhESI2JUNSAkdhqnt/DK9CP4jPnuckw=,XV5mFoko+cWA9214GOByEw==
QR RECEIVED 1@oBpytHetFF41pIsk3wG4jTvWotR2QdPHHblfJ/QTb3AAr4rPCRASyz6fueJEv1phCi/wdY2D9S0K1w==,xp9sBaIMHMV5+ef9KYD6CxLaZOZCVlcX9MI7C3pJRyk=,KczUWhv4R6OcUp0rOzwfmA==
QR RECEIVED 1@9tNPE+atvoe7by4LGPP3UkGmD6t/DeuRYuRXWek/PR31oAJzA/Xil96HU4jmihEGQNjvLbH89GkLWQ==,du43c3n82KYSZj0i4My8nT1u2R8Rvx052FH8ipbHNVg=,ZE8V5b83iAp+dOjdweB06Q==
QR RECEIVED 1@Mt5/iUv4rZjhVYZNhYG3D2G7cpZ3LF3wtAdOXBOaiNCW8bdaztjGSB4jHxjbJebqX1I+BIwqGFE42g==,rljLCFr1MJRjAoesiV24KFpinoyaYFi2U5HoCSOPcS4=,MYjBzkisFlGL0twrwxgq/A==
QR RECEIVED 1@MKUMEi9oe2YkjdDRbChI8ARAi9sg2hKSoQFf+J0uNCKMQQjk9kGca6MBZF5ZnvbQV+tX4taDP6xWlg==,yTAMrZ12EQZyB/Z5x2/fDSrlWkocVklzFhEVMjAuKUQ=,zZkcNLwPgGS4p1SvQDK1Wg==
QR RECEIVED 1@YqEBdvF84b86o4MXwbuCxFVRUOdnoHQBa78Pi3mqfoWIC7ANMox4DyAruCNhf3nhcSd6jM6hG2wCqA==,wkaynJn0hV6pQZ9ZCxj1EmE83GHfIhZKQbrxrEPqsUo=,WrPMZmQtyOh2mAusTUgC/Q==
QR RECEIVED 1@lhWBxGE0HkYtyQE8wewZeEkHRB2lTdXXhEi2j1KoIbxIbhQkhYCKe3LOXTD7nA1ahCTsixDujxp5uQ==,Le3cK3mFcHKoz6Idl728RAN1TxCrqueToXy3/snWTwQ=,DGf9sSa2Sziebkf9smqoqw==
QR RECEIVED 1@4VczEwYuh/wPkgOMh6iQNQinwAfubuYuD/SS0TMpiBAZYWQrMSy1YJligJ0sai3UfPVl9YuaMAqxtg==,5VcAxOt80PlZhnWWS7RzWkxkjVpLoVC8GyT7DSR/pgU=,H3nlhiimybIufnI2n1GjYA==
QR RECEIVED 1@tfxVRT99sEnv3c2UnoaX0R2jT/25/jA5POpp3F6xiDcqYC6YxGY9XaWNXMrLojuhl/i2DcqHwAvpGA==,Qzroobzg85e/rOKNdyXIVZ3F0wYlhnotz+B0XpiUlAE=,DAlFfqQ4Mqnn59mj8hJk5w==
QR RECEIVED 1@P0nwUQfn/qJVXYBuwD4JbH8yyUcz6sfcCpD11CbuUEQgiHe+ozIztlYB6s5s6J1D8BLsxeJGTCOVcg==,5PmIG/St6tNwUhESI2JUNSAkdhqnt/DK9CP4jPnuckw=,XV5mFoko+cWA9214GOByEw==
QR RECEIVED 1@oBpytHetFF41pIsk3wG4jTvWotR2QdPHHblfJ/QTb3AAr4rPCRASyz6fueJEv1phCi/wdY2D9S0K1w==,xp9sBaIMHMV5+ef9KYD6CxLaZOZCVlcX9MI7C3pJRyk=,KczUWhv4R6OcUp0rOzwfmA==
QR RECEIVED 1@Mt5/iUv4rZjhVYZNhYG3D2G7cpZ3LF3wtAdOXBOaiNCW8bdaztjGSB4jHxjbJebqX1I+BIwqGFE42g==,rljLCFr1MJRjAoesiV24KFpinoyaYFi2U5HoCSOPcS4=,MYjBzkisFlGL0twrwxgq/A==
QR RECEIVED 1@Wit/v0YN78QeSv78sxR/P3qk85nTnkaNMQVfFH9+hkdBWKFq8rLswafDwZ8j+n5SrnOTVv+WWGSFRA==,du43c3n82KYSZj0i4My8nT1u2R8Rvx052FH8ipbHNVg=,ZE8V5b83iAp+dOjdweB06Q==
QR RECEIVED 1@o4ZoWIWpAPdXbj39IqeYudfo0dQ+2dho7Bw2vqhoJuSFSw2BuLgmxcX+CA5R9TfY22T/zoPNnNskiw==,yTAMrZ12EQZyB/Z5x2/fDSrlWkocVklzFhEVMjAuKUQ=,zZkcNLwPgGS4p1SvQDK1Wg==
QR RECEIVED 1@0pp5kDUGlcMs8HR7RwYIT/ytlOqg0sFRpsj+OgUsimkpfpQRnPduKEAHEfUVoNhvo5VQhOwdbpaVow==,wkaynJn0hV6pQZ9ZCxj1EmE83GHfIhZKQbrxrEPqsUo=,WrPMZmQtyOh2mAusTUgC/Q==
QR RECEIVED 1@V7DRKgtqt+OS5OSXajz/X3j4xZQQzXjc/m27npc6Pr2VzjTfzYT5yOVgw3VltjQANI0P7wpk3YQUvw==,Le3cK3mFcHKoz6Idl728RAN1TxCrqueToXy3/snWTwQ=,DGf9sSa2Sziebkf9smqoqw==
QR RECEIVED 1@yHVkVXdUD8OYQfWXHKETdNvp0IG1MMpiTfMS9Yi0YS/rFJR87K/C1S/vHlhsvUhBPJ9pfNaueHfOlg==,5VcAxOt80PlZhnWWS7RzWkxkjVpLoVC8GyT7DSR/pgU=,H3nlhiimybIufnI2n1GjYA==
QR RECEIVED 1@qIwI4Aia01sHr1bfgeUHbtE0At9+SXQpGEwlzb+GdOsJa/mzhXrwxXZnvE2CWCceT8q+LWyl7NHA7w==,Qzroobzg85e/rOKNdyXIVZ3F0wYlhnotz+B0XpiUlAE=,DAlFfqQ4Mqnn59mj8hJk5w==
QR RECEIVED 1@3jJncQkA3nCknPwfXjaJImwc0len0WiaRROcBNui6dSNgQUYYK96F19lCP7SZW/3iEMLo52GWCd8tQ==,5PmIG/St6tNwUhESI2JUNSAkdhqnt/DK9CP4jPnuckw=,XV5mFoko+cWA9214GOByEw==
QR RECEIVED 1@WEQJb7W/WibShTM4czXyyc9R3s59bn8T8Q1J5fjNIlsDMHqx7mALMODXQy5Vkkf9Vj02+YY2VjnQyg==,xp9sBaIMHMV5+ef9KYD6CxLaZOZCVlcX9MI7C3pJRyk=,KczUWhv4R6OcUp0rOzwfmA==
QR RECEIVED 1@YYrggSxeGH2BygJDZxK2Ld6E9YW7jMGnhoheLLDE91JmEU3GryY0vzEEI6iO4UsxnK3Dc+DNmeyp5A==,du43c3n82KYSZj0i4My8nT1u2R8Rvx052FH8ipbHNVg=,ZE8V5b83iAp+dOjdweB06Q==
QR RECEIVED 1@3X9kCJlJdDgs7C4Te/hkjSrL1tpzYGbUpA5ja8jSBK5DbDjiv6xBsEp/HORql0yjXn1w32N6MJNb8g==,rljLCFr1MJRjAoesiV24KFpinoyaYFi2U5HoCSOPcS4=,MYjBzkisFlGL0twrwxgq/A==
QR RECEIVED 1@F3f8ZeFCKcnIZu7amkaNwbz1P14FJcWu1nXM6odVnJkxHzHZUWLn/rFoknnVyEXUajaxlhT1xMiwMg==,yTAMrZ12EQZyB/Z5x2/fDSrlWkocVklzFhEVMjAuKUQ=,zZkcNLwPgGS4p1SvQDK1Wg==
QR RECEIVED 1@qd9UwmGvwIY537MIyMj3DPkBMngBc/3nKIHXAg7em9pg9FbhSdtTmLDys2VTEQnOqftyPk2K9e5pNg==,wkaynJn0hV6pQZ9ZCxj1EmE83GHfIhZKQbrxrEPqsUo=,WrPMZmQtyOh2mAusTUgC/Q==
QR RECEIVED 1@jgxjSM8NrrClK80rqwJux+avWrAHDDvZk7JtMeRMKl86kSXdY342+iF5GEU8TSgLfYZmH4SFOIhdVw==,Le3cK3mFcHKoz6Idl728RAN1TxCrqueToXy3/snWTwQ=,DGf9sSa2Sziebkf9smqoqw==
QR RECEIVED 1@U6EJ7cIvSHOcBYiGH9ijhkSgq5rTq0v8gMy61m8dLueYIBNn5gGlFOyxD1k+llGk+xbmmc3Suxx3lQ==,5VcAxOt80PlZhnWWS7RzWkxkjVpLoVC8GyT7DSR/pgU=,H3nlhiimybIufnI2n1GjYA==
QR RECEIVED 1@ScPPx4I5ylyl5OsFFdZVFuJzbwltwW7KLSfE+MSHgdwb7ky5X2joqXyVEibsjl2O8oKTjlc3F6qVzw==,Qzroobzg85e/rOKNdyXIVZ3F0wYlhnotz+B0XpiUlAE=,DAlFfqQ4Mqnn59mj8hJk5w==
QR RECEIVED 1@+XYT/tBLLNpjsPIZ6+vx+JXqpL2cYENqm1nFkM+BNRzhO/z0EKnqlfRTLrjWyM7VOg55TcFIHzv29Q==,xp9sBaIMHMV5+ef9KYD6CxLaZOZCVlcX9MI7C3pJRyk=,KczUWhv4R6OcUp0rOzwfmA==
QR RECEIVED 1@mS68It0WMGcYfTs+d3YMupQKkNGr5astmopJcHOrBJULrabJ0rnIMiXCaI+3Pq9f1jMH3asS7sUJIg==,5PmIG/St6tNwUhESI2JUNSAkdhqnt/DK9CP4jPnuckw=,XV5mFoko+cWA9214GOByEw==
QR RECEIVED 1@UW90H6rYt6YeuSbiyDXQZLwxk2leAPng4j7CB0fjzjV5q7HuOiIEblQPqsBfLWAWHF3+tSjTZV9Nog==,du43c3n82KYSZj0i4My8nT1u2R8Rvx052FH8ipbHNVg=,ZE8V5b83iAp+dOjdweB06Q==
QR RECEIVED 1@UldO2U9ntqrg0TCt33xjLy610DsnFUiN4eIwz/4fMfVrki8Mar6gTB4MGUGqUexbuUj5erUAvJtK2w==,rljLCFr1MJRjAoesiV24KFpinoyaYFi2U5HoCSOPcS4=,MYjBzkisFlGL0twrwxgq/A==
QR RECEIVED 1@MBeC2p1fBxfjAkCnib54SxCnn1lR93C8MQlQ5AWW+KZd2lRONcY5/gjyfEPEegeC54BnsNDpRg8I8g==,yTAMrZ12EQZyB/Z5x2/fDSrlWkocVklzFhEVMjAuKUQ=,zZkcNLwPgGS4p1SvQDK1Wg==
